mode: set
github.com/krateoplatformops/composition-dynamic-controller/main.go:40.13,68.22 14 0
github.com/krateoplatformops/composition-dynamic-controller/main.go:68.22,71.3 2 0
github.com/krateoplatformops/composition-dynamic-controller/main.go:73.2,80.26 6 0
github.com/krateoplatformops/composition-dynamic-controller/main.go:80.26,82.3 1 0
github.com/krateoplatformops/composition-dynamic-controller/main.go:82.8,84.3 1 0
github.com/krateoplatformops/composition-dynamic-controller/main.go:85.2,85.16 1 0
github.com/krateoplatformops/composition-dynamic-controller/main.go:85.16,87.3 1 0
github.com/krateoplatformops/composition-dynamic-controller/main.go:89.2,90.16 2 0
github.com/krateoplatformops/composition-dynamic-controller/main.go:90.16,92.3 1 0
github.com/krateoplatformops/composition-dynamic-controller/main.go:94.2,95.16 2 0
github.com/krateoplatformops/composition-dynamic-controller/main.go:95.16,97.3 1 0
github.com/krateoplatformops/composition-dynamic-controller/main.go:99.2,102.16 3 0
github.com/krateoplatformops/composition-dynamic-controller/main.go:102.16,104.3 1 0
github.com/krateoplatformops/composition-dynamic-controller/main.go:106.2,107.21 2 0
github.com/krateoplatformops/composition-dynamic-controller/main.go:107.21,109.3 1 0
github.com/krateoplatformops/composition-dynamic-controller/main.go:109.8,111.17 2 0
github.com/krateoplatformops/composition-dynamic-controller/main.go:111.17,113.4 1 0
github.com/krateoplatformops/composition-dynamic-controller/main.go:116.2,125.16 3 0
github.com/krateoplatformops/composition-dynamic-controller/main.go:125.16,127.3 1 0
github.com/krateoplatformops/composition-dynamic-controller/main.go:128.2,167.16 11 0
github.com/krateoplatformops/composition-dynamic-controller/main.go:167.16,169.3 1 0
github.com/krateoplatformops/composition-dynamic-controller/main.go:40.13,68.22 14 0
github.com/krateoplatformops/composition-dynamic-controller/main.go:68.22,71.3 2 0
github.com/krateoplatformops/composition-dynamic-controller/main.go:73.2,80.26 6 0
github.com/krateoplatformops/composition-dynamic-controller/main.go:80.26,82.3 1 0
github.com/krateoplatformops/composition-dynamic-controller/main.go:82.8,84.3 1 0
github.com/krateoplatformops/composition-dynamic-controller/main.go:85.2,85.16 1 0
github.com/krateoplatformops/composition-dynamic-controller/main.go:85.16,87.3 1 0
github.com/krateoplatformops/composition-dynamic-controller/main.go:89.2,90.16 2 0
github.com/krateoplatformops/composition-dynamic-controller/main.go:90.16,92.3 1 0
github.com/krateoplatformops/composition-dynamic-controller/main.go:94.2,95.16 2 0
github.com/krateoplatformops/composition-dynamic-controller/main.go:95.16,97.3 1 0
github.com/krateoplatformops/composition-dynamic-controller/main.go:99.2,102.16 3 0
github.com/krateoplatformops/composition-dynamic-controller/main.go:102.16,104.3 1 0
github.com/krateoplatformops/composition-dynamic-controller/main.go:106.2,107.21 2 0
github.com/krateoplatformops/composition-dynamic-controller/main.go:107.21,109.3 1 0
github.com/krateoplatformops/composition-dynamic-controller/main.go:109.8,111.17 2 0
github.com/krateoplatformops/composition-dynamic-controller/main.go:111.17,113.4 1 0
github.com/krateoplatformops/composition-dynamic-controller/main.go:116.2,125.16 3 0
github.com/krateoplatformops/composition-dynamic-controller/main.go:125.16,127.3 1 0
github.com/krateoplatformops/composition-dynamic-controller/main.go:128.2,167.16 11 0
github.com/krateoplatformops/composition-dynamic-controller/main.go:167.16,169.3 1 0
github.com/krateoplatformops/composition-dynamic-controller/internal/chartinspector/chartinspector.go:30.54,32.2 1 1
github.com/krateoplatformops/composition-dynamic-controller/internal/chartinspector/chartinspector.go:34.66,36.2 1 0
github.com/krateoplatformops/composition-dynamic-controller/internal/chartinspector/chartinspector.go:38.52,40.2 1 0
github.com/krateoplatformops/composition-dynamic-controller/internal/chartinspector/chartinspector.go:42.159,44.16 2 1
github.com/krateoplatformops/composition-dynamic-controller/internal/chartinspector/chartinspector.go:44.16,46.3 1 0
github.com/krateoplatformops/composition-dynamic-controller/internal/chartinspector/chartinspector.go:47.2,48.16 2 1
github.com/krateoplatformops/composition-dynamic-controller/internal/chartinspector/chartinspector.go:48.16,50.3 1 0
github.com/krateoplatformops/composition-dynamic-controller/internal/chartinspector/chartinspector.go:51.2,59.16 8 1
github.com/krateoplatformops/composition-dynamic-controller/internal/chartinspector/chartinspector.go:59.16,61.3 1 0
github.com/krateoplatformops/composition-dynamic-controller/internal/chartinspector/chartinspector.go:62.2,62.38 1 1
github.com/krateoplatformops/composition-dynamic-controller/internal/chartinspector/chartinspector.go:62.38,64.3 1 1
github.com/krateoplatformops/composition-dynamic-controller/internal/chartinspector/chartinspector.go:66.2,69.16 3 1
github.com/krateoplatformops/composition-dynamic-controller/internal/chartinspector/chartinspector.go:69.16,71.3 1 0
github.com/krateoplatformops/composition-dynamic-controller/internal/chartinspector/chartinspector.go:73.2,74.58 2 1
github.com/krateoplatformops/composition-dynamic-controller/internal/chartinspector/chartinspector.go:74.58,76.3 1 0
github.com/krateoplatformops/composition-dynamic-controller/internal/chartinspector/chartinspector.go:78.2,78.23 1 1
github.com/krateoplatformops/composition-dynamic-controller/internal/composition/composition.go:60.270,62.8 2 0
github.com/krateoplatformops/composition-dynamic-controller/internal/composition/composition.go:62.8,64.3 1 0
github.com/krateoplatformops/composition-dynamic-controller/internal/composition/composition.go:66.2,76.3 2 0
github.com/krateoplatformops/composition-dynamic-controller/internal/composition/composition.go:89.119,98.32 3 0
github.com/krateoplatformops/composition-dynamic-controller/internal/composition/composition.go:98.32,100.3 1 0
github.com/krateoplatformops/composition-dynamic-controller/internal/composition/composition.go:102.2,103.16 2 0
github.com/krateoplatformops/composition-dynamic-controller/internal/composition/composition.go:103.16,106.3 2 0
github.com/krateoplatformops/composition-dynamic-controller/internal/composition/composition.go:108.2,109.16 2 0
github.com/krateoplatformops/composition-dynamic-controller/internal/composition/composition.go:109.16,112.3 2 0
github.com/krateoplatformops/composition-dynamic-controller/internal/composition/composition.go:114.2,115.16 2 0
github.com/krateoplatformops/composition-dynamic-controller/internal/composition/composition.go:115.16,116.42 1 0
github.com/krateoplatformops/composition-dynamic-controller/internal/composition/composition.go:116.42,118.4 1 0
github.com/krateoplatformops/composition-dynamic-controller/internal/composition/composition.go:120.2,120.16 1 0
github.com/krateoplatformops/composition-dynamic-controller/internal/composition/composition.go:120.16,126.3 2 0
github.com/krateoplatformops/composition-dynamic-controller/internal/composition/composition.go:128.2,128.39 1 0
github.com/krateoplatformops/composition-dynamic-controller/internal/composition/composition.go:128.39,135.17 4 0
github.com/krateoplatformops/composition-dynamic-controller/internal/composition/composition.go:135.17,138.4 2 0
github.com/krateoplatformops/composition-dynamic-controller/internal/composition/composition.go:141.2,148.29 2 0
github.com/krateoplatformops/composition-dynamic-controller/internal/composition/composition.go:148.29,153.3 1 0
github.com/krateoplatformops/composition-dynamic-controller/internal/composition/composition.go:155.2,156.16 2 0
github.com/krateoplatformops/composition-dynamic-controller/internal/composition/composition.go:156.16,159.3 2 0
github.com/krateoplatformops/composition-dynamic-controller/internal/composition/composition.go:160.2,160.19 1 0
github.com/krateoplatformops/composition-dynamic-controller/internal/composition/composition.go:160.19,162.3 1 0
github.com/krateoplatformops/composition-dynamic-controller/internal/composition/composition.go:164.2,164.70 1 0
github.com/krateoplatformops/composition-dynamic-controller/internal/composition/composition.go:164.70,170.3 2 0
github.com/krateoplatformops/composition-dynamic-controller/internal/composition/composition.go:172.2,175.16 3 0
github.com/krateoplatformops/composition-dynamic-controller/internal/composition/composition.go:175.16,178.3 2 0
github.com/krateoplatformops/composition-dynamic-controller/internal/composition/composition.go:179.2,180.16 2 0
github.com/krateoplatformops/composition-dynamic-controller/internal/composition/composition.go:180.16,183.3 2 0
github.com/krateoplatformops/composition-dynamic-controller/internal/composition/composition.go:184.2,184.9 1 0
github.com/krateoplatformops/composition-dynamic-controller/internal/composition/composition.go:184.9,190.3 2 0
github.com/krateoplatformops/composition-dynamic-controller/internal/composition/composition.go:192.2,201.16 6 0
github.com/krateoplatformops/composition-dynamic-controller/internal/composition/composition.go:201.16,204.3 2 0
github.com/krateoplatformops/composition-dynamic-controller/internal/composition/composition.go:206.2,210.8 2 0
github.com/krateoplatformops/composition-dynamic-controller/internal/composition/composition.go:213.84,225.16 4 0
github.com/krateoplatformops/composition-dynamic-controller/internal/composition/composition.go:225.16,228.3 2 0
github.com/krateoplatformops/composition-dynamic-controller/internal/composition/composition.go:230.2,230.39 1 0
github.com/krateoplatformops/composition-dynamic-controller/internal/composition/composition.go:230.39,233.17 3 0
github.com/krateoplatformops/composition-dynamic-controller/internal/composition/composition.go:233.17,235.4 1 0
github.com/krateoplatformops/composition-dynamic-controller/internal/composition/composition.go:236.3,240.13 2 0
github.com/krateoplatformops/composition-dynamic-controller/internal/composition/composition.go:243.2,248.16 3 0
github.com/krateoplatformops/composition-dynamic-controller/internal/composition/composition.go:248.16,251.3 2 0
github.com/krateoplatformops/composition-dynamic-controller/internal/composition/composition.go:253.2,253.32 1 0
github.com/krateoplatformops/composition-dynamic-controller/internal/composition/composition.go:253.32,255.3 1 0
github.com/krateoplatformops/composition-dynamic-controller/internal/composition/composition.go:257.2,258.16 2 0
github.com/krateoplatformops/composition-dynamic-controller/internal/composition/composition.go:258.16,261.3 2 0
github.com/krateoplatformops/composition-dynamic-controller/internal/composition/composition.go:265.2,269.16 3 0
github.com/krateoplatformops/composition-dynamic-controller/internal/composition/composition.go:269.16,272.3 2 0
github.com/krateoplatformops/composition-dynamic-controller/internal/composition/composition.go:273.2,275.16 3 0
github.com/krateoplatformops/composition-dynamic-controller/internal/composition/composition.go:275.16,277.3 1 0
github.com/krateoplatformops/composition-dynamic-controller/internal/composition/composition.go:280.2,281.16 2 0
github.com/krateoplatformops/composition-dynamic-controller/internal/composition/composition.go:281.16,284.3 2 0
github.com/krateoplatformops/composition-dynamic-controller/internal/composition/composition.go:286.2,298.29 2 0
github.com/krateoplatformops/composition-dynamic-controller/internal/composition/composition.go:298.29,303.3 1 0
github.com/krateoplatformops/composition-dynamic-controller/internal/composition/composition.go:305.2,306.16 2 0
github.com/krateoplatformops/composition-dynamic-controller/internal/composition/composition.go:306.16,316.3 4 0
github.com/krateoplatformops/composition-dynamic-controller/internal/composition/composition.go:317.2,325.16 4 0
github.com/krateoplatformops/composition-dynamic-controller/internal/composition/composition.go:325.16,328.3 2 0
github.com/krateoplatformops/composition-dynamic-controller/internal/composition/composition.go:330.2,331.16 2 0
github.com/krateoplatformops/composition-dynamic-controller/internal/composition/composition.go:331.16,334.3 2 0
github.com/krateoplatformops/composition-dynamic-controller/internal/composition/composition.go:336.2,337.16 2 0
github.com/krateoplatformops/composition-dynamic-controller/internal/composition/composition.go:337.16,340.3 2 0
github.com/krateoplatformops/composition-dynamic-controller/internal/composition/composition.go:341.2,349.12 5 0
github.com/krateoplatformops/composition-dynamic-controller/internal/composition/composition.go:352.84,364.39 3 0
github.com/krateoplatformops/composition-dynamic-controller/internal/composition/composition.go:364.39,373.3 4 0
github.com/krateoplatformops/composition-dynamic-controller/internal/composition/composition.go:375.2,375.32 1 0
github.com/krateoplatformops/composition-dynamic-controller/internal/composition/composition.go:375.32,377.3 1 0
github.com/krateoplatformops/composition-dynamic-controller/internal/composition/composition.go:379.2,380.16 2 0
github.com/krateoplatformops/composition-dynamic-controller/internal/composition/composition.go:380.16,383.3 2 0
github.com/krateoplatformops/composition-dynamic-controller/internal/composition/composition.go:386.2,389.16 2 0
github.com/krateoplatformops/composition-dynamic-controller/internal/composition/composition.go:389.16,392.3 2 0
github.com/krateoplatformops/composition-dynamic-controller/internal/composition/composition.go:393.2,395.16 3 0
github.com/krateoplatformops/composition-dynamic-controller/internal/composition/composition.go:395.16,397.3 1 0
github.com/krateoplatformops/composition-dynamic-controller/internal/composition/composition.go:400.2,401.16 2 0
github.com/krateoplatformops/composition-dynamic-controller/internal/composition/composition.go:401.16,404.3 2 0
github.com/krateoplatformops/composition-dynamic-controller/internal/composition/composition.go:406.2,418.29 2 0
github.com/krateoplatformops/composition-dynamic-controller/internal/composition/composition.go:418.29,423.3 1 0
github.com/krateoplatformops/composition-dynamic-controller/internal/composition/composition.go:425.2,426.16 2 0
github.com/krateoplatformops/composition-dynamic-controller/internal/composition/composition.go:426.16,429.3 2 0
github.com/krateoplatformops/composition-dynamic-controller/internal/composition/composition.go:431.2,436.16 3 0
github.com/krateoplatformops/composition-dynamic-controller/internal/composition/composition.go:436.16,439.3 2 0
github.com/krateoplatformops/composition-dynamic-controller/internal/composition/composition.go:442.2,450.29 2 0
github.com/krateoplatformops/composition-dynamic-controller/internal/composition/composition.go:450.29,455.3 1 0
github.com/krateoplatformops/composition-dynamic-controller/internal/composition/composition.go:456.2,457.16 2 0
github.com/krateoplatformops/composition-dynamic-controller/internal/composition/composition.go:457.16,460.3 2 0
github.com/krateoplatformops/composition-dynamic-controller/internal/composition/composition.go:461.2,461.19 1 0
github.com/krateoplatformops/composition-dynamic-controller/internal/composition/composition.go:461.19,463.3 1 0
github.com/krateoplatformops/composition-dynamic-controller/internal/composition/composition.go:465.2,466.16 2 0
github.com/krateoplatformops/composition-dynamic-controller/internal/composition/composition.go:466.16,469.3 2 0
github.com/krateoplatformops/composition-dynamic-controller/internal/composition/composition.go:470.2,483.12 8 0
github.com/krateoplatformops/composition-dynamic-controller/internal/composition/composition.go:486.84,493.32 2 0
github.com/krateoplatformops/composition-dynamic-controller/internal/composition/composition.go:493.32,495.3 1 0
github.com/krateoplatformops/composition-dynamic-controller/internal/composition/composition.go:497.2,498.16 2 0
github.com/krateoplatformops/composition-dynamic-controller/internal/composition/composition.go:498.16,501.3 2 0
github.com/krateoplatformops/composition-dynamic-controller/internal/composition/composition.go:503.2,504.16 2 0
github.com/krateoplatformops/composition-dynamic-controller/internal/composition/composition.go:504.16,507.3 2 0
github.com/krateoplatformops/composition-dynamic-controller/internal/composition/composition.go:509.2,519.16 3 0
github.com/krateoplatformops/composition-dynamic-controller/internal/composition/composition.go:519.16,522.3 2 0
github.com/krateoplatformops/composition-dynamic-controller/internal/composition/composition.go:524.2,527.12 3 0
github.com/krateoplatformops/composition-dynamic-controller/internal/composition/composition.go:530.138,543.51 2 0
github.com/krateoplatformops/composition-dynamic-controller/internal/composition/composition.go:543.51,544.27 1 0
github.com/krateoplatformops/composition-dynamic-controller/internal/composition/composition.go:544.27,546.5 1 0
github.com/krateoplatformops/composition-dynamic-controller/internal/composition/composition.go:548.4,548.18 1 0
github.com/krateoplatformops/composition-dynamic-controller/internal/composition/composition.go:548.18,550.5 1 0
github.com/krateoplatformops/composition-dynamic-controller/internal/composition/composition.go:550.10,552.5 1 0
github.com/krateoplatformops/composition-dynamic-controller/internal/composition/composition.go:557.2,557.29 1 0
github.com/krateoplatformops/composition-dynamic-controller/internal/composition/support.go:20.80,22.19 2 0
github.com/krateoplatformops/composition-dynamic-controller/internal/composition/support.go:22.19,24.3 1 0
github.com/krateoplatformops/composition-dynamic-controller/internal/composition/support.go:25.2,27.33 3 0
github.com/krateoplatformops/composition-dynamic-controller/internal/composition/support.go:30.87,32.19 2 0
github.com/krateoplatformops/composition-dynamic-controller/internal/composition/support.go:32.19,34.3 1 0
github.com/krateoplatformops/composition-dynamic-controller/internal/composition/support.go:35.2,38.26 3 0
github.com/krateoplatformops/composition-dynamic-controller/internal/composition/support.go:38.26,40.3 1 0
github.com/krateoplatformops/composition-dynamic-controller/internal/composition/support.go:42.2,42.60 1 0
github.com/krateoplatformops/composition-dynamic-controller/internal/composition/support.go:45.130,47.32 2 0
github.com/krateoplatformops/composition-dynamic-controller/internal/composition/support.go:47.32,49.17 2 0
github.com/krateoplatformops/composition-dynamic-controller/internal/composition/support.go:49.17,51.4 1 0
github.com/krateoplatformops/composition-dynamic-controller/internal/composition/support.go:52.3,57.5 1 0
github.com/krateoplatformops/composition-dynamic-controller/internal/composition/support.go:60.2,60.21 1 0
github.com/krateoplatformops/composition-dynamic-controller/internal/helm/getter/getter.go:31.51,32.21 1 0
github.com/krateoplatformops/composition-dynamic-controller/internal/helm/getter/getter.go:32.21,34.17 2 0
github.com/krateoplatformops/composition-dynamic-controller/internal/helm/getter/getter.go:34.17,36.4 1 0
github.com/krateoplatformops/composition-dynamic-controller/internal/helm/getter/getter.go:37.3,37.21 1 0
github.com/krateoplatformops/composition-dynamic-controller/internal/helm/getter/getter.go:40.2,40.21 1 0
github.com/krateoplatformops/composition-dynamic-controller/internal/helm/getter/getter.go:40.21,43.3 2 0
github.com/krateoplatformops/composition-dynamic-controller/internal/helm/getter/getter.go:45.2,45.22 1 0
github.com/krateoplatformops/composition-dynamic-controller/internal/helm/getter/getter.go:45.22,48.3 2 0
github.com/krateoplatformops/composition-dynamic-controller/internal/helm/getter/getter.go:50.2,50.70 1 0
github.com/krateoplatformops/composition-dynamic-controller/internal/helm/getter/getter.go:53.45,55.16 2 0
github.com/krateoplatformops/composition-dynamic-controller/internal/helm/getter/getter.go:55.16,57.3 1 0
github.com/krateoplatformops/composition-dynamic-controller/internal/helm/getter/getter.go:61.2,61.29 1 0
github.com/krateoplatformops/composition-dynamic-controller/internal/helm/getter/getter.go:61.29,62.49 1 0
github.com/krateoplatformops/composition-dynamic-controller/internal/helm/getter/getter.go:62.49,64.4 1 0
github.com/krateoplatformops/composition-dynamic-controller/internal/helm/getter/getter.go:70.2,71.16 2 0
github.com/krateoplatformops/composition-dynamic-controller/internal/helm/getter/getter.go:71.16,73.3 1 0
github.com/krateoplatformops/composition-dynamic-controller/internal/helm/getter/getter.go:74.2,76.38 2 0
github.com/krateoplatformops/composition-dynamic-controller/internal/helm/getter/getter.go:76.38,78.3 1 0
github.com/krateoplatformops/composition-dynamic-controller/internal/helm/getter/getter.go:80.2,82.25 3 0
github.com/krateoplatformops/composition-dynamic-controller/internal/helm/getter/getter.go:85.50,91.32 2 0
github.com/krateoplatformops/composition-dynamic-controller/internal/helm/getter/getter.go:91.32,92.39 1 0
github.com/krateoplatformops/composition-dynamic-controller/internal/helm/getter/getter.go:92.39,96.4 1 0
github.com/krateoplatformops/composition-dynamic-controller/internal/helm/getter/getter.go:96.9,98.4 1 0
github.com/krateoplatformops/composition-dynamic-controller/internal/helm/getter/getter.go:101.2,108.3 1 0
github.com/krateoplatformops/composition-dynamic-controller/internal/helm/getter/http.go:15.67,16.23 1 0
github.com/krateoplatformops/composition-dynamic-controller/internal/helm/getter/http.go:16.23,18.3 1 0
github.com/krateoplatformops/composition-dynamic-controller/internal/helm/getter/http.go:20.2,27.16 2 0
github.com/krateoplatformops/composition-dynamic-controller/internal/helm/getter/http.go:27.16,29.3 1 0
github.com/krateoplatformops/composition-dynamic-controller/internal/helm/getter/http.go:31.2,32.16 2 0
github.com/krateoplatformops/composition-dynamic-controller/internal/helm/getter/http.go:32.16,34.3 1 0
github.com/krateoplatformops/composition-dynamic-controller/internal/helm/getter/http.go:36.2,37.16 2 0
github.com/krateoplatformops/composition-dynamic-controller/internal/helm/getter/http.go:37.16,39.3 1 0
github.com/krateoplatformops/composition-dynamic-controller/internal/helm/getter/http.go:40.2,40.24 1 0
github.com/krateoplatformops/composition-dynamic-controller/internal/helm/getter/http.go:40.24,42.3 1 0
github.com/krateoplatformops/composition-dynamic-controller/internal/helm/getter/http.go:44.2,46.16 3 0
github.com/krateoplatformops/composition-dynamic-controller/internal/helm/getter/http.go:46.16,49.17 3 0
github.com/krateoplatformops/composition-dynamic-controller/internal/helm/getter/http.go:49.17,51.4 1 0
github.com/krateoplatformops/composition-dynamic-controller/internal/helm/getter/http.go:54.2,65.16 3 0
github.com/krateoplatformops/composition-dynamic-controller/internal/helm/getter/http.go:65.16,67.3 1 0
github.com/krateoplatformops/composition-dynamic-controller/internal/helm/getter/http.go:69.2,69.30 1 0
github.com/krateoplatformops/composition-dynamic-controller/internal/helm/getter/http.go:72.30,74.2 1 0
github.com/krateoplatformops/composition-dynamic-controller/internal/helm/getter/oci.go:19.37,44.16 3 0
github.com/krateoplatformops/composition-dynamic-controller/internal/helm/getter/oci.go:44.16,46.3 1 0
github.com/krateoplatformops/composition-dynamic-controller/internal/helm/getter/oci.go:48.2,50.8 1 0
github.com/krateoplatformops/composition-dynamic-controller/internal/helm/getter/oci.go:57.66,58.22 1 0
github.com/krateoplatformops/composition-dynamic-controller/internal/helm/getter/oci.go:58.22,60.3 1 0
github.com/krateoplatformops/composition-dynamic-controller/internal/helm/getter/oci.go:62.2,63.24 2 0
github.com/krateoplatformops/composition-dynamic-controller/internal/helm/getter/oci.go:63.24,65.3 1 0
github.com/krateoplatformops/composition-dynamic-controller/internal/helm/getter/oci.go:66.2,67.16 2 0
github.com/krateoplatformops/composition-dynamic-controller/internal/helm/getter/oci.go:67.16,69.3 1 0
github.com/krateoplatformops/composition-dynamic-controller/internal/helm/getter/oci.go:70.2,70.29 1 0
github.com/krateoplatformops/composition-dynamic-controller/internal/helm/getter/oci.go:70.29,77.17 4 0
github.com/krateoplatformops/composition-dynamic-controller/internal/helm/getter/oci.go:77.17,79.4 1 0
github.com/krateoplatformops/composition-dynamic-controller/internal/helm/getter/oci.go:80.3,80.30 1 0
github.com/krateoplatformops/composition-dynamic-controller/internal/helm/getter/oci.go:83.2,89.16 3 0
github.com/krateoplatformops/composition-dynamic-controller/internal/helm/getter/oci.go:89.16,91.3 1 0
github.com/krateoplatformops/composition-dynamic-controller/internal/helm/getter/oci.go:93.2,93.41 1 0
github.com/krateoplatformops/composition-dynamic-controller/internal/helm/getter/oci.go:96.71,102.22 4 0
github.com/krateoplatformops/composition-dynamic-controller/internal/helm/getter/oci.go:102.22,104.3 1 0
github.com/krateoplatformops/composition-dynamic-controller/internal/helm/getter/oci.go:104.8,107.17 2 0
github.com/krateoplatformops/composition-dynamic-controller/internal/helm/getter/oci.go:107.17,109.4 1 0
github.com/krateoplatformops/composition-dynamic-controller/internal/helm/getter/oci.go:110.3,110.21 1 0
github.com/krateoplatformops/composition-dynamic-controller/internal/helm/getter/oci.go:110.21,112.4 1 0
github.com/krateoplatformops/composition-dynamic-controller/internal/helm/getter/oci.go:114.3,120.17 3 0
github.com/krateoplatformops/composition-dynamic-controller/internal/helm/getter/oci.go:120.17,122.4 1 0
github.com/krateoplatformops/composition-dynamic-controller/internal/helm/getter/oci.go:125.2,126.16 2 0
github.com/krateoplatformops/composition-dynamic-controller/internal/helm/getter/oci.go:126.16,128.3 1 0
github.com/krateoplatformops/composition-dynamic-controller/internal/helm/getter/oci.go:129.2,131.15 2 0
github.com/krateoplatformops/composition-dynamic-controller/internal/helm/getter/oci.go:134.29,136.2 1 0
github.com/krateoplatformops/composition-dynamic-controller/internal/helm/getter/tgz.go:12.66,13.22 1 0
github.com/krateoplatformops/composition-dynamic-controller/internal/helm/getter/tgz.go:13.22,15.3 1 0
github.com/krateoplatformops/composition-dynamic-controller/internal/helm/getter/tgz.go:17.2,18.16 2 0
github.com/krateoplatformops/composition-dynamic-controller/internal/helm/getter/tgz.go:18.16,20.3 1 0
github.com/krateoplatformops/composition-dynamic-controller/internal/helm/getter/tgz.go:22.2,22.27 1 0
github.com/krateoplatformops/composition-dynamic-controller/internal/helm/getter/tgz.go:25.29,27.2 1 0
github.com/krateoplatformops/composition-dynamic-controller/internal/helm/repo/helpers.go:14.63,16.16 2 0
github.com/krateoplatformops/composition-dynamic-controller/internal/helm/repo/helpers.go:16.16,18.3 1 0
github.com/krateoplatformops/composition-dynamic-controller/internal/helm/repo/helpers.go:20.2,23.24 4 0
github.com/krateoplatformops/composition-dynamic-controller/internal/helm/repo/index.go:34.34,34.51 1 0
github.com/krateoplatformops/composition-dynamic-controller/internal/helm/repo/index.go:37.39,37.66 1 0
github.com/krateoplatformops/composition-dynamic-controller/internal/helm/repo/index.go:40.44,43.16 2 0
github.com/krateoplatformops/composition-dynamic-controller/internal/helm/repo/index.go:43.16,45.3 1 0
github.com/krateoplatformops/composition-dynamic-controller/internal/helm/repo/index.go:46.2,47.16 2 0
github.com/krateoplatformops/composition-dynamic-controller/internal/helm/repo/index.go:47.16,49.3 1 0
github.com/krateoplatformops/composition-dynamic-controller/internal/helm/repo/index.go:50.2,50.22 1 0
github.com/krateoplatformops/composition-dynamic-controller/internal/helm/repo/index.go:68.32,75.2 1 0
github.com/krateoplatformops/composition-dynamic-controller/internal/helm/repo/index.go:79.82,80.22 1 0
github.com/krateoplatformops/composition-dynamic-controller/internal/helm/repo/index.go:80.22,82.3 1 0
github.com/krateoplatformops/composition-dynamic-controller/internal/helm/repo/index.go:84.2,84.25 1 0
github.com/krateoplatformops/composition-dynamic-controller/internal/helm/repo/index.go:84.25,86.3 1 0
github.com/krateoplatformops/composition-dynamic-controller/internal/helm/repo/index.go:88.2,89.19 2 0
github.com/krateoplatformops/composition-dynamic-controller/internal/helm/repo/index.go:89.19,93.17 4 0
github.com/krateoplatformops/composition-dynamic-controller/internal/helm/repo/index.go:93.17,95.4 1 0
github.com/krateoplatformops/composition-dynamic-controller/internal/helm/repo/index.go:97.2,105.12 4 0
github.com/krateoplatformops/composition-dynamic-controller/internal/helm/repo/index.go:109.51,112.2 2 0
github.com/krateoplatformops/composition-dynamic-controller/internal/helm/repo/index.go:120.34,121.37 1 0
github.com/krateoplatformops/composition-dynamic-controller/internal/helm/repo/index.go:121.37,123.3 1 0
github.com/krateoplatformops/composition-dynamic-controller/internal/helm/repo/index.go:130.69,132.9 2 0
github.com/krateoplatformops/composition-dynamic-controller/internal/helm/repo/index.go:132.9,134.3 1 0
github.com/krateoplatformops/composition-dynamic-controller/internal/helm/repo/index.go:135.2,135.18 1 0
github.com/krateoplatformops/composition-dynamic-controller/internal/helm/repo/index.go:135.18,137.3 1 0
github.com/krateoplatformops/composition-dynamic-controller/internal/helm/repo/index.go:139.2,140.19 2 0
github.com/krateoplatformops/composition-dynamic-controller/internal/helm/repo/index.go:140.19,142.3 1 0
github.com/krateoplatformops/composition-dynamic-controller/internal/helm/repo/index.go:142.8,145.17 3 0
github.com/krateoplatformops/composition-dynamic-controller/internal/helm/repo/index.go:145.17,147.4 1 0
github.com/krateoplatformops/composition-dynamic-controller/internal/helm/repo/index.go:151.2,151.23 1 0
github.com/krateoplatformops/composition-dynamic-controller/internal/helm/repo/index.go:151.23,152.26 1 0
github.com/krateoplatformops/composition-dynamic-controller/internal/helm/repo/index.go:152.26,153.30 1 0
github.com/krateoplatformops/composition-dynamic-controller/internal/helm/repo/index.go:153.30,155.5 1 0
github.com/krateoplatformops/composition-dynamic-controller/internal/helm/repo/index.go:159.2,159.25 1 0
github.com/krateoplatformops/composition-dynamic-controller/internal/helm/repo/index.go:159.25,161.17 2 0
github.com/krateoplatformops/composition-dynamic-controller/internal/helm/repo/index.go:161.17,162.12 1 0
github.com/krateoplatformops/composition-dynamic-controller/internal/helm/repo/index.go:165.3,165.29 1 0
github.com/krateoplatformops/composition-dynamic-controller/internal/helm/repo/index.go:165.29,167.4 1 0
github.com/krateoplatformops/composition-dynamic-controller/internal/helm/repo/index.go:169.2,169.75 1 0
github.com/krateoplatformops/composition-dynamic-controller/internal/helm/repo/index.go:180.41,181.32 1 0
github.com/krateoplatformops/composition-dynamic-controller/internal/helm/repo/index.go:181.32,182.26 1 0
github.com/krateoplatformops/composition-dynamic-controller/internal/helm/repo/index.go:182.26,183.35 1 0
github.com/krateoplatformops/composition-dynamic-controller/internal/helm/repo/index.go:183.35,186.5 2 0
github.com/krateoplatformops/composition-dynamic-controller/internal/helm/repo/load.go:12.79,15.20 2 0
github.com/krateoplatformops/composition-dynamic-controller/internal/helm/repo/load.go:15.20,17.3 1 0
github.com/krateoplatformops/composition-dynamic-controller/internal/helm/repo/load.go:19.2,19.54 1 0
github.com/krateoplatformops/composition-dynamic-controller/internal/helm/repo/load.go:19.54,21.3 1 0
github.com/krateoplatformops/composition-dynamic-controller/internal/helm/repo/load.go:23.2,23.35 1 0
github.com/krateoplatformops/composition-dynamic-controller/internal/helm/repo/load.go:23.35,24.44 1 0
github.com/krateoplatformops/composition-dynamic-controller/internal/helm/repo/load.go:24.44,25.23 1 0
github.com/krateoplatformops/composition-dynamic-controller/internal/helm/repo/load.go:25.23,27.13 2 0
github.com/krateoplatformops/composition-dynamic-controller/internal/helm/repo/load.go:29.4,29.33 1 0
github.com/krateoplatformops/composition-dynamic-controller/internal/helm/repo/load.go:29.33,31.5 1 0
github.com/krateoplatformops/composition-dynamic-controller/internal/helm/repo/load.go:34.2,35.24 2 0
github.com/krateoplatformops/composition-dynamic-controller/internal/helm/repo/load.go:35.24,37.3 1 0
github.com/krateoplatformops/composition-dynamic-controller/internal/helm/repo/load.go:38.2,38.15 1 0
github.com/krateoplatformops/composition-dynamic-controller/internal/helmclient/client.go:47.44,51.16 3 0
github.com/krateoplatformops/composition-dynamic-controller/internal/helmclient/client.go:51.16,53.3 1 0
github.com/krateoplatformops/composition-dynamic-controller/internal/helmclient/client.go:55.2,55.66 1 0
github.com/krateoplatformops/composition-dynamic-controller/internal/helmclient/client.go:59.112,61.31 2 0
github.com/krateoplatformops/composition-dynamic-controller/internal/helmclient/client.go:61.31,63.3 1 0
github.com/krateoplatformops/composition-dynamic-controller/internal/helmclient/client.go:65.2,67.31 2 0
github.com/krateoplatformops/composition-dynamic-controller/internal/helmclient/client.go:67.31,69.3 1 0
github.com/krateoplatformops/composition-dynamic-controller/internal/helmclient/client.go:71.2,71.59 1 0
github.com/krateoplatformops/composition-dynamic-controller/internal/helmclient/client.go:75.76,81.2 3 0
github.com/krateoplatformops/composition-dynamic-controller/internal/helmclient/client.go:85.126,87.16 2 0
github.com/krateoplatformops/composition-dynamic-controller/internal/helmclient/client.go:87.16,89.3 1 0
github.com/krateoplatformops/composition-dynamic-controller/internal/helmclient/client.go:91.2,92.21 2 0
github.com/krateoplatformops/composition-dynamic-controller/internal/helmclient/client.go:92.21,93.52 1 0
github.com/krateoplatformops/composition-dynamic-controller/internal/helmclient/client.go:93.52,95.4 1 0
github.com/krateoplatformops/composition-dynamic-controller/internal/helmclient/client.go:98.2,98.27 1 0
github.com/krateoplatformops/composition-dynamic-controller/internal/helmclient/client.go:98.27,100.3 1 0
github.com/krateoplatformops/composition-dynamic-controller/internal/helmclient/client.go:102.2,109.16 3 0
github.com/krateoplatformops/composition-dynamic-controller/internal/helmclient/client.go:109.16,111.3 1 0
github.com/krateoplatformops/composition-dynamic-controller/internal/helmclient/client.go:113.2,118.16 2 0
github.com/krateoplatformops/composition-dynamic-controller/internal/helmclient/client.go:118.16,120.3 1 0
github.com/krateoplatformops/composition-dynamic-controller/internal/helmclient/client.go:121.2,132.8 2 0
github.com/krateoplatformops/composition-dynamic-controller/internal/helmclient/client.go:136.75,137.23 1 0
github.com/krateoplatformops/composition-dynamic-controller/internal/helmclient/client.go:137.23,144.3 1 0
github.com/krateoplatformops/composition-dynamic-controller/internal/helmclient/client.go:146.2,150.29 2 0
github.com/krateoplatformops/composition-dynamic-controller/internal/helmclient/client.go:150.29,154.17 4 0
github.com/krateoplatformops/composition-dynamic-controller/internal/helmclient/client.go:154.17,156.4 1 0
github.com/krateoplatformops/composition-dynamic-controller/internal/helmclient/client.go:159.2,159.36 1 0
github.com/krateoplatformops/composition-dynamic-controller/internal/helmclient/client.go:159.36,161.3 1 0
github.com/krateoplatformops/composition-dynamic-controller/internal/helmclient/client.go:163.2,163.35 1 0
github.com/krateoplatformops/composition-dynamic-controller/internal/helmclient/client.go:163.35,165.3 1 0
github.com/krateoplatformops/composition-dynamic-controller/internal/helmclient/client.go:167.2,171.34 4 0
github.com/krateoplatformops/composition-dynamic-controller/internal/helmclient/client.go:171.34,173.3 1 0
github.com/krateoplatformops/composition-dynamic-controller/internal/helmclient/client.go:175.2,175.12 1 0
github.com/krateoplatformops/composition-dynamic-controller/internal/helmclient/client.go:179.67,181.16 2 0
github.com/krateoplatformops/composition-dynamic-controller/internal/helmclient/client.go:181.16,183.3 1 0
github.com/krateoplatformops/composition-dynamic-controller/internal/helmclient/client.go:185.2,188.16 3 0
github.com/krateoplatformops/composition-dynamic-controller/internal/helmclient/client.go:188.16,190.3 1 0
github.com/krateoplatformops/composition-dynamic-controller/internal/helmclient/client.go:192.2,192.31 1 0
github.com/krateoplatformops/composition-dynamic-controller/internal/helmclient/client.go:192.31,195.3 2 0
github.com/krateoplatformops/composition-dynamic-controller/internal/helmclient/client.go:197.2,199.16 3 0
github.com/krateoplatformops/composition-dynamic-controller/internal/helmclient/client.go:199.16,201.3 1 0
github.com/krateoplatformops/composition-dynamic-controller/internal/helmclient/client.go:203.2,203.12 1 0
github.com/krateoplatformops/composition-dynamic-controller/internal/helmclient/client.go:207.47,208.47 1 0
github.com/krateoplatformops/composition-dynamic-controller/internal/helmclient/client.go:208.47,210.17 2 0
github.com/krateoplatformops/composition-dynamic-controller/internal/helmclient/client.go:210.17,212.4 1 0
github.com/krateoplatformops/composition-dynamic-controller/internal/helmclient/client.go:214.3,216.17 3 0
github.com/krateoplatformops/composition-dynamic-controller/internal/helmclient/client.go:216.17,218.4 1 0
github.com/krateoplatformops/composition-dynamic-controller/internal/helmclient/client.go:220.3,220.26 1 0
github.com/krateoplatformops/composition-dynamic-controller/internal/helmclient/client.go:223.2,223.64 1 0
github.com/krateoplatformops/composition-dynamic-controller/internal/helmclient/client.go:228.134,245.72 4 0
github.com/krateoplatformops/composition-dynamic-controller/internal/helmclient/client.go:245.72,263.37 15 0
github.com/krateoplatformops/composition-dynamic-controller/internal/helmclient/client.go:263.37,265.4 1 0
github.com/krateoplatformops/composition-dynamic-controller/internal/helmclient/client.go:268.3,269.17 2 0
github.com/krateoplatformops/composition-dynamic-controller/internal/helmclient/client.go:269.17,271.4 1 0
github.com/krateoplatformops/composition-dynamic-controller/internal/helmclient/client.go:272.3,272.18 1 0
github.com/krateoplatformops/composition-dynamic-controller/internal/helmclient/client.go:273.8,273.23 1 0
github.com/krateoplatformops/composition-dynamic-controller/internal/helmclient/client.go:273.23,275.3 1 0
github.com/krateoplatformops/composition-dynamic-controller/internal/helmclient/client.go:277.2,277.35 1 0
github.com/krateoplatformops/composition-dynamic-controller/internal/helmclient/client.go:282.125,284.2 1 0
github.com/krateoplatformops/composition-dynamic-controller/internal/helmclient/client.go:286.61,288.2 1 0
github.com/krateoplatformops/composition-dynamic-controller/internal/helmclient/client.go:292.125,296.18 1 0
github.com/krateoplatformops/composition-dynamic-controller/internal/helmclient/client.go:296.18,301.73 4 0
github.com/krateoplatformops/composition-dynamic-controller/internal/helmclient/client.go:301.73,319.38 15 0
github.com/krateoplatformops/composition-dynamic-controller/internal/helmclient/client.go:319.38,321.5 1 0
github.com/krateoplatformops/composition-dynamic-controller/internal/helmclient/client.go:324.4,325.18 2 0
github.com/krateoplatformops/composition-dynamic-controller/internal/helmclient/client.go:325.18,327.5 1 0
github.com/krateoplatformops/composition-dynamic-controller/internal/helmclient/client.go:328.4,328.19 1 0
github.com/krateoplatformops/composition-dynamic-controller/internal/helmclient/client.go:329.9,329.24 1 0
github.com/krateoplatformops/composition-dynamic-controller/internal/helmclient/client.go:329.24,331.4 1 0
github.com/krateoplatformops/composition-dynamic-controller/internal/helmclient/client.go:334.2,334.35 1 0
github.com/krateoplatformops/composition-dynamic-controller/internal/helmclient/client.go:339.73,341.2 1 0
github.com/krateoplatformops/composition-dynamic-controller/internal/helmclient/client.go:345.100,347.2 1 0
github.com/krateoplatformops/composition-dynamic-controller/internal/helmclient/client.go:350.100,352.2 1 0
github.com/krateoplatformops/composition-dynamic-controller/internal/helmclient/client.go:355.72,357.2 1 0
github.com/krateoplatformops/composition-dynamic-controller/internal/helmclient/client.go:360.61,362.2 1 0
github.com/krateoplatformops/composition-dynamic-controller/internal/helmclient/client.go:365.62,367.2 1 0
github.com/krateoplatformops/composition-dynamic-controller/internal/helmclient/client.go:370.64,372.2 1 0
github.com/krateoplatformops/composition-dynamic-controller/internal/helmclient/client.go:376.120,383.16 4 0
github.com/krateoplatformops/composition-dynamic-controller/internal/helmclient/client.go:383.16,385.3 1 0
github.com/krateoplatformops/composition-dynamic-controller/internal/helmclient/client.go:386.2,388.26 2 0
github.com/krateoplatformops/composition-dynamic-controller/internal/helmclient/client.go:388.26,390.3 1 0
github.com/krateoplatformops/composition-dynamic-controller/internal/helmclient/client.go:392.2,392.17 1 0
github.com/krateoplatformops/composition-dynamic-controller/internal/helmclient/client.go:392.17,393.31 1 0
github.com/krateoplatformops/composition-dynamic-controller/internal/helmclient/client.go:393.31,395.4 1 0
github.com/krateoplatformops/composition-dynamic-controller/internal/helmclient/client.go:398.2,408.16 2 0
github.com/krateoplatformops/composition-dynamic-controller/internal/helmclient/client.go:408.16,410.3 1 0
github.com/krateoplatformops/composition-dynamic-controller/internal/helmclient/client.go:417.2,417.79 1 0
github.com/krateoplatformops/composition-dynamic-controller/internal/helmclient/client.go:417.79,423.3 1 0
github.com/krateoplatformops/composition-dynamic-controller/internal/helmclient/client.go:425.2,426.16 2 0
github.com/krateoplatformops/composition-dynamic-controller/internal/helmclient/client.go:426.16,428.3 1 0
github.com/krateoplatformops/composition-dynamic-controller/internal/helmclient/client.go:430.2,432.16 3 0
github.com/krateoplatformops/composition-dynamic-controller/internal/helmclient/client.go:432.16,434.3 1 0
github.com/krateoplatformops/composition-dynamic-controller/internal/helmclient/client.go:436.2,436.15 1 0
github.com/krateoplatformops/composition-dynamic-controller/internal/helmclient/client.go:436.15,438.17 2 0
github.com/krateoplatformops/composition-dynamic-controller/internal/helmclient/client.go:438.17,440.4 1 0
github.com/krateoplatformops/composition-dynamic-controller/internal/helmclient/client.go:443.2,444.16 2 0
github.com/krateoplatformops/composition-dynamic-controller/internal/helmclient/client.go:444.16,446.3 1 0
github.com/krateoplatformops/composition-dynamic-controller/internal/helmclient/client.go:448.2,450.17 2 0
github.com/krateoplatformops/composition-dynamic-controller/internal/helmclient/client.go:455.120,460.26 4 0
github.com/krateoplatformops/composition-dynamic-controller/internal/helmclient/client.go:460.26,462.3 1 0
github.com/krateoplatformops/composition-dynamic-controller/internal/helmclient/client.go:464.2,464.17 1 0
github.com/krateoplatformops/composition-dynamic-controller/internal/helmclient/client.go:464.17,465.31 1 0
github.com/krateoplatformops/composition-dynamic-controller/internal/helmclient/client.go:465.31,467.4 1 0
github.com/krateoplatformops/composition-dynamic-controller/internal/helmclient/client.go:470.2,480.16 2 0
github.com/krateoplatformops/composition-dynamic-controller/internal/helmclient/client.go:480.16,482.3 1 0
github.com/krateoplatformops/composition-dynamic-controller/internal/helmclient/client.go:489.2,490.16 2 0
github.com/krateoplatformops/composition-dynamic-controller/internal/helmclient/client.go:490.16,492.3 1 0
github.com/krateoplatformops/composition-dynamic-controller/internal/helmclient/client.go:494.2,496.16 3 0
github.com/krateoplatformops/composition-dynamic-controller/internal/helmclient/client.go:496.16,498.3 1 0
github.com/krateoplatformops/composition-dynamic-controller/internal/helmclient/client.go:500.2,500.15 1 0
github.com/krateoplatformops/composition-dynamic-controller/internal/helmclient/client.go:500.15,502.17 2 0
github.com/krateoplatformops/composition-dynamic-controller/internal/helmclient/client.go:502.17,504.4 1 0
github.com/krateoplatformops/composition-dynamic-controller/internal/helmclient/client.go:507.2,507.40 1 0
github.com/krateoplatformops/composition-dynamic-controller/internal/helmclient/client.go:507.40,510.17 3 0
github.com/krateoplatformops/composition-dynamic-controller/internal/helmclient/client.go:510.17,512.4 1 0
github.com/krateoplatformops/composition-dynamic-controller/internal/helmclient/client.go:515.2,516.23 2 0
github.com/krateoplatformops/composition-dynamic-controller/internal/helmclient/client.go:516.23,518.68 2 0
github.com/krateoplatformops/composition-dynamic-controller/internal/helmclient/client.go:518.68,520.26 2 0
github.com/krateoplatformops/composition-dynamic-controller/internal/helmclient/client.go:520.26,522.5 1 0
github.com/krateoplatformops/composition-dynamic-controller/internal/helmclient/client.go:522.10,524.5 1 0
github.com/krateoplatformops/composition-dynamic-controller/internal/helmclient/client.go:526.3,527.24 2 0
github.com/krateoplatformops/composition-dynamic-controller/internal/helmclient/client.go:530.2,532.29 2 0
github.com/krateoplatformops/composition-dynamic-controller/internal/helmclient/client.go:536.62,544.16 5 0
github.com/krateoplatformops/composition-dynamic-controller/internal/helmclient/client.go:544.16,546.3 1 0
github.com/krateoplatformops/composition-dynamic-controller/internal/helmclient/client.go:548.2,550.12 2 0
github.com/krateoplatformops/composition-dynamic-controller/internal/helmclient/client.go:554.64,558.16 3 0
github.com/krateoplatformops/composition-dynamic-controller/internal/helmclient/client.go:558.16,560.3 1 0
github.com/krateoplatformops/composition-dynamic-controller/internal/helmclient/client.go:562.2,564.12 2 0
github.com/krateoplatformops/composition-dynamic-controller/internal/helmclient/client.go:568.82,573.36 3 0
github.com/krateoplatformops/composition-dynamic-controller/internal/helmclient/client.go:573.36,575.3 1 0
github.com/krateoplatformops/composition-dynamic-controller/internal/helmclient/client.go:577.2,577.28 1 0
github.com/krateoplatformops/composition-dynamic-controller/internal/helmclient/client.go:577.28,579.3 1 0
github.com/krateoplatformops/composition-dynamic-controller/internal/helmclient/client.go:581.2,581.12 1 0
github.com/krateoplatformops/composition-dynamic-controller/internal/helmclient/client.go:585.99,596.20 9 0
github.com/krateoplatformops/composition-dynamic-controller/internal/helmclient/client.go:596.20,599.3 2 0
github.com/krateoplatformops/composition-dynamic-controller/internal/helmclient/client.go:603.2,604.16 2 0
github.com/krateoplatformops/composition-dynamic-controller/internal/helmclient/client.go:604.16,606.3 1 0
github.com/krateoplatformops/composition-dynamic-controller/internal/helmclient/client.go:607.2,609.26 2 0
github.com/krateoplatformops/composition-dynamic-controller/internal/helmclient/client.go:609.26,611.3 1 0
github.com/krateoplatformops/composition-dynamic-controller/internal/helmclient/client.go:613.2,615.48 2 0
github.com/krateoplatformops/composition-dynamic-controller/internal/helmclient/client.go:615.48,620.3 1 0
github.com/krateoplatformops/composition-dynamic-controller/internal/helmclient/client.go:622.2,629.16 2 0
github.com/krateoplatformops/composition-dynamic-controller/internal/helmclient/client.go:629.16,631.3 1 0
github.com/krateoplatformops/composition-dynamic-controller/internal/helmclient/client.go:638.2,638.79 1 0
github.com/krateoplatformops/composition-dynamic-controller/internal/helmclient/client.go:638.79,644.3 1 0
github.com/krateoplatformops/composition-dynamic-controller/internal/helmclient/client.go:646.2,647.16 2 0
github.com/krateoplatformops/composition-dynamic-controller/internal/helmclient/client.go:647.16,649.3 1 0
github.com/krateoplatformops/composition-dynamic-controller/internal/helmclient/client.go:651.2,653.16 3 0
github.com/krateoplatformops/composition-dynamic-controller/internal/helmclient/client.go:653.16,655.3 1 0
github.com/krateoplatformops/composition-dynamic-controller/internal/helmclient/client.go:657.2,662.16 3 0
github.com/krateoplatformops/composition-dynamic-controller/internal/helmclient/client.go:662.16,665.27 3 0
github.com/krateoplatformops/composition-dynamic-controller/internal/helmclient/client.go:665.27,666.32 1 0
github.com/krateoplatformops/composition-dynamic-controller/internal/helmclient/client.go:666.32,668.5 1 0
github.com/krateoplatformops/composition-dynamic-controller/internal/helmclient/client.go:673.3,673.45 1 0
github.com/krateoplatformops/composition-dynamic-controller/internal/helmclient/client.go:676.2,676.25 1 0
github.com/krateoplatformops/composition-dynamic-controller/internal/helmclient/client.go:680.112,691.20 9 0
github.com/krateoplatformops/composition-dynamic-controller/internal/helmclient/client.go:691.20,694.3 2 0
github.com/krateoplatformops/composition-dynamic-controller/internal/helmclient/client.go:698.2,699.16 2 0
github.com/krateoplatformops/composition-dynamic-controller/internal/helmclient/client.go:699.16,701.3 1 0
github.com/krateoplatformops/composition-dynamic-controller/internal/helmclient/client.go:702.2,704.26 2 0
github.com/krateoplatformops/composition-dynamic-controller/internal/helmclient/client.go:704.26,706.3 1 0
github.com/krateoplatformops/composition-dynamic-controller/internal/helmclient/client.go:708.2,710.48 3 0
github.com/krateoplatformops/composition-dynamic-controller/internal/helmclient/client.go:710.48,715.3 1 0
github.com/krateoplatformops/composition-dynamic-controller/internal/helmclient/client.go:717.2,724.16 2 0
github.com/krateoplatformops/composition-dynamic-controller/internal/helmclient/client.go:724.16,726.3 1 0
github.com/krateoplatformops/composition-dynamic-controller/internal/helmclient/client.go:728.2,728.79 1 0
github.com/krateoplatformops/composition-dynamic-controller/internal/helmclient/client.go:728.79,734.3 1 0
github.com/krateoplatformops/composition-dynamic-controller/internal/helmclient/client.go:736.2,737.16 2 0
github.com/krateoplatformops/composition-dynamic-controller/internal/helmclient/client.go:737.16,739.3 1 0
github.com/krateoplatformops/composition-dynamic-controller/internal/helmclient/client.go:741.2,743.16 3 0
github.com/krateoplatformops/composition-dynamic-controller/internal/helmclient/client.go:743.16,745.3 1 0
github.com/krateoplatformops/composition-dynamic-controller/internal/helmclient/client.go:747.2,749.17 2 0
github.com/krateoplatformops/composition-dynamic-controller/internal/helmclient/client.go:753.55,764.16 2 0
github.com/krateoplatformops/composition-dynamic-controller/internal/helmclient/client.go:764.16,766.3 1 0
github.com/krateoplatformops/composition-dynamic-controller/internal/helmclient/client.go:775.2,777.16 3 0
github.com/krateoplatformops/composition-dynamic-controller/internal/helmclient/client.go:777.16,779.3 1 0
github.com/krateoplatformops/composition-dynamic-controller/internal/helmclient/client.go:781.2,781.34 1 0
github.com/krateoplatformops/composition-dynamic-controller/internal/helmclient/client.go:785.60,787.2 1 0
github.com/krateoplatformops/composition-dynamic-controller/internal/helmclient/client.go:791.91,797.2 3 0
github.com/krateoplatformops/composition-dynamic-controller/internal/helmclient/client.go:800.89,802.16 2 0
github.com/krateoplatformops/composition-dynamic-controller/internal/helmclient/client.go:802.16,804.3 1 0
github.com/krateoplatformops/composition-dynamic-controller/internal/helmclient/client.go:806.2,807.16 2 0
github.com/krateoplatformops/composition-dynamic-controller/internal/helmclient/client.go:807.16,809.3 1 0
github.com/krateoplatformops/composition-dynamic-controller/internal/helmclient/client.go:811.2,811.49 1 0
github.com/krateoplatformops/composition-dynamic-controller/internal/helmclient/client.go:811.49,812.59 1 0
github.com/krateoplatformops/composition-dynamic-controller/internal/helmclient/client.go:812.59,814.4 1 0
github.com/krateoplatformops/composition-dynamic-controller/internal/helmclient/client.go:815.3,815.98 1 0
github.com/krateoplatformops/composition-dynamic-controller/internal/helmclient/client.go:818.2,818.12 1 0
github.com/krateoplatformops/composition-dynamic-controller/internal/helmclient/client.go:822.107,826.16 2 0
github.com/krateoplatformops/composition-dynamic-controller/internal/helmclient/client.go:826.16,828.3 1 0
github.com/krateoplatformops/composition-dynamic-controller/internal/helmclient/client.go:830.2,832.16 3 0
github.com/krateoplatformops/composition-dynamic-controller/internal/helmclient/client.go:832.16,834.3 1 0
github.com/krateoplatformops/composition-dynamic-controller/internal/helmclient/client.go:836.2,836.29 1 0
github.com/krateoplatformops/composition-dynamic-controller/internal/helmclient/client.go:837.10,838.116 1 0
github.com/krateoplatformops/composition-dynamic-controller/internal/helmclient/client.go:839.38,840.54 1 0
github.com/krateoplatformops/composition-dynamic-controller/internal/helmclient/client.go:841.33,842.49 1 0
github.com/krateoplatformops/composition-dynamic-controller/internal/helmclient/client.go:846.120,847.117 1 0
github.com/krateoplatformops/composition-dynamic-controller/internal/helmclient/client.go:847.117,849.3 1 0
github.com/krateoplatformops/composition-dynamic-controller/internal/helmclient/client.go:851.2,852.12 2 0
github.com/krateoplatformops/composition-dynamic-controller/internal/helmclient/client.go:855.130,856.122 1 0
github.com/krateoplatformops/composition-dynamic-controller/internal/helmclient/client.go:856.122,858.3 1 0
github.com/krateoplatformops/composition-dynamic-controller/internal/helmclient/client.go:860.2,861.12 2 0
github.com/krateoplatformops/composition-dynamic-controller/internal/helmclient/client.go:865.107,867.56 2 0
github.com/krateoplatformops/composition-dynamic-controller/internal/helmclient/client.go:867.56,869.3 1 0
github.com/krateoplatformops/composition-dynamic-controller/internal/helmclient/client.go:871.2,872.16 2 0
github.com/krateoplatformops/composition-dynamic-controller/internal/helmclient/client.go:872.16,873.29 1 0
github.com/krateoplatformops/composition-dynamic-controller/internal/helmclient/client.go:873.29,875.4 1 0
github.com/krateoplatformops/composition-dynamic-controller/internal/helmclient/client.go:877.3,877.13 1 0
github.com/krateoplatformops/composition-dynamic-controller/internal/helmclient/client.go:881.2,883.58 2 0
github.com/krateoplatformops/composition-dynamic-controller/internal/helmclient/client.go:883.58,884.25 1 0
github.com/krateoplatformops/composition-dynamic-controller/internal/helmclient/client.go:884.25,886.4 1 0
github.com/krateoplatformops/composition-dynamic-controller/internal/helmclient/client.go:889.2,891.50 2 0
github.com/krateoplatformops/composition-dynamic-controller/internal/helmclient/client.go:891.50,892.25 1 0
github.com/krateoplatformops/composition-dynamic-controller/internal/helmclient/client.go:892.25,894.49 2 0
github.com/krateoplatformops/composition-dynamic-controller/internal/helmclient/client.go:894.49,896.5 1 0
github.com/krateoplatformops/composition-dynamic-controller/internal/helmclient/client.go:898.3,898.12 1 0
github.com/krateoplatformops/composition-dynamic-controller/internal/helmclient/client.go:898.12,900.4 1 0
github.com/krateoplatformops/composition-dynamic-controller/internal/helmclient/client.go:903.2,903.75 1 0
github.com/krateoplatformops/composition-dynamic-controller/internal/helmclient/client.go:903.75,906.3 2 0
github.com/krateoplatformops/composition-dynamic-controller/internal/helmclient/client.go:908.2,909.149 2 0
github.com/krateoplatformops/composition-dynamic-controller/internal/helmclient/client.go:909.149,911.3 1 0
github.com/krateoplatformops/composition-dynamic-controller/internal/helmclient/client.go:912.2,914.125 2 0
github.com/krateoplatformops/composition-dynamic-controller/internal/helmclient/client.go:914.125,916.3 1 0
github.com/krateoplatformops/composition-dynamic-controller/internal/helmclient/client.go:917.2,919.12 2 0
github.com/krateoplatformops/composition-dynamic-controller/internal/helmclient/client.go:923.102,925.56 2 0
github.com/krateoplatformops/composition-dynamic-controller/internal/helmclient/client.go:925.56,927.3 1 0
github.com/krateoplatformops/composition-dynamic-controller/internal/helmclient/client.go:929.2,930.16 2 0
github.com/krateoplatformops/composition-dynamic-controller/internal/helmclient/client.go:930.16,931.29 1 0
github.com/krateoplatformops/composition-dynamic-controller/internal/helmclient/client.go:931.29,933.4 1 0
github.com/krateoplatformops/composition-dynamic-controller/internal/helmclient/client.go:935.3,935.13 1 0
github.com/krateoplatformops/composition-dynamic-controller/internal/helmclient/client.go:939.2,939.67 1 0
github.com/krateoplatformops/composition-dynamic-controller/internal/helmclient/client.go:939.67,942.3 2 0
github.com/krateoplatformops/composition-dynamic-controller/internal/helmclient/client.go:945.2,947.58 2 0
github.com/krateoplatformops/composition-dynamic-controller/internal/helmclient/client.go:947.58,948.25 1 0
github.com/krateoplatformops/composition-dynamic-controller/internal/helmclient/client.go:948.25,950.4 1 0
github.com/krateoplatformops/composition-dynamic-controller/internal/helmclient/client.go:953.2,955.50 2 0
github.com/krateoplatformops/composition-dynamic-controller/internal/helmclient/client.go:955.50,956.25 1 0
github.com/krateoplatformops/composition-dynamic-controller/internal/helmclient/client.go:956.25,958.49 2 0
github.com/krateoplatformops/composition-dynamic-controller/internal/helmclient/client.go:958.49,960.5 1 0
github.com/krateoplatformops/composition-dynamic-controller/internal/helmclient/client.go:962.3,962.12 1 0
github.com/krateoplatformops/composition-dynamic-controller/internal/helmclient/client.go:962.12,964.4 1 0
github.com/krateoplatformops/composition-dynamic-controller/internal/helmclient/client.go:967.2,967.75 1 0
github.com/krateoplatformops/composition-dynamic-controller/internal/helmclient/client.go:967.75,970.3 2 0
github.com/krateoplatformops/composition-dynamic-controller/internal/helmclient/client.go:972.2,973.144 2 0
github.com/krateoplatformops/composition-dynamic-controller/internal/helmclient/client.go:973.144,975.3 1 0
github.com/krateoplatformops/composition-dynamic-controller/internal/helmclient/client.go:976.2,978.121 2 0
github.com/krateoplatformops/composition-dynamic-controller/internal/helmclient/client.go:978.121,980.3 1 0
github.com/krateoplatformops/composition-dynamic-controller/internal/helmclient/client.go:981.2,983.12 2 0
github.com/krateoplatformops/composition-dynamic-controller/internal/helmclient/client.go:986.35,988.2 1 0
github.com/krateoplatformops/composition-dynamic-controller/internal/helmclient/client.go:990.62,991.27 1 0
github.com/krateoplatformops/composition-dynamic-controller/internal/helmclient/client.go:991.27,996.3 1 0
github.com/krateoplatformops/composition-dynamic-controller/internal/helmclient/client.go:997.2,997.12 1 0
github.com/krateoplatformops/composition-dynamic-controller/internal/helmclient/client.go:1029.80,1038.29 2 0
github.com/krateoplatformops/composition-dynamic-controller/internal/helmclient/client.go:1038.29,1042.3 3 0
github.com/krateoplatformops/composition-dynamic-controller/internal/helmclient/client.go:1044.2,1045.16 2 0
github.com/krateoplatformops/composition-dynamic-controller/internal/helmclient/client.go:1045.16,1047.3 1 0
github.com/krateoplatformops/composition-dynamic-controller/internal/helmclient/client.go:1049.2,1050.16 2 0
github.com/krateoplatformops/composition-dynamic-controller/internal/helmclient/client.go:1050.16,1052.3 1 0
github.com/krateoplatformops/composition-dynamic-controller/internal/helmclient/client.go:1054.2,1054.35 1 0
github.com/krateoplatformops/composition-dynamic-controller/internal/helmclient/client.go:1054.35,1056.3 1 0
github.com/krateoplatformops/composition-dynamic-controller/internal/helmclient/client.go:1058.2,1058.34 1 0
github.com/krateoplatformops/composition-dynamic-controller/internal/helmclient/client.go:1094.65,1096.16 2 0
github.com/krateoplatformops/composition-dynamic-controller/internal/helmclient/client.go:1096.16,1098.3 1 0
github.com/krateoplatformops/composition-dynamic-controller/internal/helmclient/client.go:1100.2,1100.29 1 0
github.com/krateoplatformops/composition-dynamic-controller/internal/helmclient/client.go:1100.29,1101.66 1 0
github.com/krateoplatformops/composition-dynamic-controller/internal/helmclient/client.go:1101.66,1103.4 1 0
github.com/krateoplatformops/composition-dynamic-controller/internal/helmclient/client.go:1106.2,1106.19 1 0
github.com/krateoplatformops/composition-dynamic-controller/internal/helmclient/client.go:1110.88,1115.2 3 0
github.com/krateoplatformops/composition-dynamic-controller/internal/helmclient/client.go:1119.100,1125.2 3 0
github.com/krateoplatformops/composition-dynamic-controller/internal/helmclient/client.go:1128.72,1132.2 2 0
github.com/krateoplatformops/composition-dynamic-controller/internal/helmclient/client.go:1135.61,1141.2 3 0
github.com/krateoplatformops/composition-dynamic-controller/internal/helmclient/client.go:1144.187,1145.56 1 0
github.com/krateoplatformops/composition-dynamic-controller/internal/helmclient/client.go:1145.56,1146.66 1 0
github.com/krateoplatformops/composition-dynamic-controller/internal/helmclient/client.go:1146.66,1147.24 1 0
github.com/krateoplatformops/composition-dynamic-controller/internal/helmclient/client.go:1147.24,1157.40 2 0
github.com/krateoplatformops/composition-dynamic-controller/internal/helmclient/client.go:1157.40,1159.6 1 0
github.com/krateoplatformops/composition-dynamic-controller/internal/helmclient/client.go:1161.5,1171.19 2 0
github.com/krateoplatformops/composition-dynamic-controller/internal/helmclient/client.go:1171.19,1173.6 1 0
github.com/krateoplatformops/composition-dynamic-controller/internal/helmclient/client.go:1180.10,1182.5 1 0
github.com/krateoplatformops/composition-dynamic-controller/internal/helmclient/client.go:1185.2,1185.23 1 0
github.com/krateoplatformops/composition-dynamic-controller/internal/helmclient/client.go:1189.83,1199.2 9 0
github.com/krateoplatformops/composition-dynamic-controller/internal/helmclient/client.go:1202.80,1219.2 16 0
github.com/krateoplatformops/composition-dynamic-controller/internal/helmclient/client.go:1222.80,1240.2 17 0
github.com/krateoplatformops/composition-dynamic-controller/internal/helmclient/client.go:1243.100,1250.2 6 0
github.com/krateoplatformops/composition-dynamic-controller/internal/helmclient/client_getter.go:15.132,22.2 1 0
github.com/krateoplatformops/composition-dynamic-controller/internal/helmclient/client_getter.go:25.65,26.25 1 0
github.com/krateoplatformops/composition-dynamic-controller/internal/helmclient/client_getter.go:26.25,28.3 1 0
github.com/krateoplatformops/composition-dynamic-controller/internal/helmclient/client_getter.go:30.2,30.57 1 0
github.com/krateoplatformops/composition-dynamic-controller/internal/helmclient/client_getter.go:35.92,37.16 2 0
github.com/krateoplatformops/composition-dynamic-controller/internal/helmclient/client_getter.go:37.16,39.3 1 0
github.com/krateoplatformops/composition-dynamic-controller/internal/helmclient/client_getter.go:44.2,46.28 2 0
github.com/krateoplatformops/composition-dynamic-controller/internal/helmclient/client_getter.go:46.28,48.3 1 0
github.com/krateoplatformops/composition-dynamic-controller/internal/helmclient/client_getter.go:50.2,51.55 2 0
github.com/krateoplatformops/composition-dynamic-controller/internal/helmclient/client_getter.go:54.68,56.16 2 0
github.com/krateoplatformops/composition-dynamic-controller/internal/helmclient/client_getter.go:56.16,58.3 1 0
github.com/krateoplatformops/composition-dynamic-controller/internal/helmclient/client_getter.go:60.2,62.22 3 0
github.com/krateoplatformops/composition-dynamic-controller/internal/helmclient/client_getter.go:65.75,75.2 5 0
github.com/krateoplatformops/composition-dynamic-controller/internal/helmclient/spec.go:13.89,17.16 3 0
github.com/krateoplatformops/composition-dynamic-controller/internal/helmclient/spec.go:17.16,19.3 1 0
github.com/krateoplatformops/composition-dynamic-controller/internal/helmclient/spec.go:21.2,22.16 2 0
github.com/krateoplatformops/composition-dynamic-controller/internal/helmclient/spec.go:22.16,24.3 1 0
github.com/krateoplatformops/composition-dynamic-controller/internal/helmclient/spec.go:26.2,26.57 1 0
github.com/krateoplatformops/composition-dynamic-controller/internal/helmclient/types.go:61.48,62.30 1 0
github.com/krateoplatformops/composition-dynamic-controller/internal/helmclient/types.go:62.30,64.3 1 0
github.com/krateoplatformops/composition-dynamic-controller/internal/helmclient/types.go:69.36,70.30 1 0
github.com/krateoplatformops/composition-dynamic-controller/internal/helmclient/types.go:70.30,72.3 1 0
github.com/krateoplatformops/composition-dynamic-controller/internal/helmclient/mock/interface.go:31.57,35.2 3 0
github.com/krateoplatformops/composition-dynamic-controller/internal/helmclient/mock/interface.go:38.55,40.2 1 0
github.com/krateoplatformops/composition-dynamic-controller/internal/helmclient/mock/interface.go:43.67,48.2 4 0
github.com/krateoplatformops/composition-dynamic-controller/internal/helmclient/mock/interface.go:51.88,54.2 2 0
github.com/krateoplatformops/composition-dynamic-controller/internal/helmclient/mock/interface.go:57.122,64.2 6 0
github.com/krateoplatformops/composition-dynamic-controller/internal/helmclient/mock/interface.go:67.98,70.2 2 0
github.com/krateoplatformops/composition-dynamic-controller/internal/helmclient/mock/interface.go:73.72,79.2 5 0
github.com/krateoplatformops/composition-dynamic-controller/internal/helmclient/mock/interface.go:82.77,85.2 2 0
github.com/krateoplatformops/composition-dynamic-controller/internal/helmclient/mock/interface.go:88.100,94.2 5 0
github.com/krateoplatformops/composition-dynamic-controller/internal/helmclient/mock/interface.go:97.94,100.2 2 0
github.com/krateoplatformops/composition-dynamic-controller/internal/helmclient/mock/interface.go:103.147,109.2 5 0
github.com/krateoplatformops/composition-dynamic-controller/internal/helmclient/mock/interface.go:112.90,115.2 2 0
github.com/krateoplatformops/composition-dynamic-controller/internal/helmclient/mock/interface.go:118.156,124.2 5 0
github.com/krateoplatformops/composition-dynamic-controller/internal/helmclient/mock/interface.go:127.99,130.2 2 0
github.com/krateoplatformops/composition-dynamic-controller/internal/helmclient/mock/interface.go:133.66,138.2 4 0
github.com/krateoplatformops/composition-dynamic-controller/internal/helmclient/mock/interface.go:141.76,144.2 2 0
github.com/krateoplatformops/composition-dynamic-controller/internal/helmclient/mock/interface.go:147.73,153.2 5 0
github.com/krateoplatformops/composition-dynamic-controller/internal/helmclient/mock/interface.go:156.71,159.2 2 0
github.com/krateoplatformops/composition-dynamic-controller/internal/helmclient/mock/interface.go:162.91,168.2 5 0
github.com/krateoplatformops/composition-dynamic-controller/internal/helmclient/mock/interface.go:171.90,174.2 2 0
github.com/krateoplatformops/composition-dynamic-controller/internal/helmclient/mock/interface.go:177.98,183.2 5 0
github.com/krateoplatformops/composition-dynamic-controller/internal/helmclient/mock/interface.go:186.90,189.2 2 0
github.com/krateoplatformops/composition-dynamic-controller/internal/helmclient/mock/interface.go:192.72,197.2 4 0
github.com/krateoplatformops/composition-dynamic-controller/internal/helmclient/mock/interface.go:200.82,203.2 2 0
github.com/krateoplatformops/composition-dynamic-controller/internal/helmclient/mock/interface.go:206.60,209.2 2 0
github.com/krateoplatformops/composition-dynamic-controller/internal/helmclient/mock/interface.go:212.82,215.2 2 0
github.com/krateoplatformops/composition-dynamic-controller/internal/helmclient/mock/interface.go:218.121,224.2 5 0
github.com/krateoplatformops/composition-dynamic-controller/internal/helmclient/mock/interface.go:227.89,230.2 2 0
github.com/krateoplatformops/composition-dynamic-controller/internal/helmclient/mock/interface.go:233.73,238.2 4 0
github.com/krateoplatformops/composition-dynamic-controller/internal/helmclient/mock/interface.go:241.83,244.2 2 0
github.com/krateoplatformops/composition-dynamic-controller/internal/helmclient/mock/interface.go:247.64,252.2 4 0
github.com/krateoplatformops/composition-dynamic-controller/internal/helmclient/mock/interface.go:255.89,258.2 2 0
github.com/krateoplatformops/composition-dynamic-controller/internal/helmclient/mock/interface.go:261.47,266.2 4 0
github.com/krateoplatformops/composition-dynamic-controller/internal/helmclient/mock/interface.go:269.67,272.2 2 0
github.com/krateoplatformops/composition-dynamic-controller/internal/helmclient/mock/interface.go:275.147,281.2 5 0
github.com/krateoplatformops/composition-dynamic-controller/internal/helmclient/mock/interface.go:284.90,287.2 2 0
github.com/krateoplatformops/composition-dynamic-controller/internal/helmclient/mock/interface.go:301.61,305.2 3 0
github.com/krateoplatformops/composition-dynamic-controller/internal/helmclient/mock/interface.go:308.59,310.2 1 0
github.com/krateoplatformops/composition-dynamic-controller/internal/helmclient/mock/interface.go:313.74,318.2 4 0
github.com/krateoplatformops/composition-dynamic-controller/internal/helmclient/mock/interface.go:321.84,324.2 2 0
github.com/krateoplatformops/composition-dynamic-controller/internal/helmclient/values/options.go:28.86,32.43 2 0
github.com/krateoplatformops/composition-dynamic-controller/internal/helmclient/values/options.go:32.43,36.17 3 0
github.com/krateoplatformops/composition-dynamic-controller/internal/helmclient/values/options.go:36.17,38.4 1 0
github.com/krateoplatformops/composition-dynamic-controller/internal/helmclient/values/options.go:40.3,40.60 1 0
github.com/krateoplatformops/composition-dynamic-controller/internal/helmclient/values/options.go:40.60,42.4 1 0
github.com/krateoplatformops/composition-dynamic-controller/internal/helmclient/values/options.go:44.3,44.37 1 0
github.com/krateoplatformops/composition-dynamic-controller/internal/helmclient/values/options.go:48.2,48.40 1 0
github.com/krateoplatformops/composition-dynamic-controller/internal/helmclient/values/options.go:48.40,49.56 1 0
github.com/krateoplatformops/composition-dynamic-controller/internal/helmclient/values/options.go:49.56,51.4 1 0
github.com/krateoplatformops/composition-dynamic-controller/internal/helmclient/values/options.go:55.2,55.36 1 0
github.com/krateoplatformops/composition-dynamic-controller/internal/helmclient/values/options.go:55.36,56.56 1 0
github.com/krateoplatformops/composition-dynamic-controller/internal/helmclient/values/options.go:56.56,58.4 1 0
github.com/krateoplatformops/composition-dynamic-controller/internal/helmclient/values/options.go:62.2,62.42 1 0
github.com/krateoplatformops/composition-dynamic-controller/internal/helmclient/values/options.go:62.42,63.62 1 0
github.com/krateoplatformops/composition-dynamic-controller/internal/helmclient/values/options.go:63.62,65.4 1 0
github.com/krateoplatformops/composition-dynamic-controller/internal/helmclient/values/options.go:69.2,69.40 1 0
github.com/krateoplatformops/composition-dynamic-controller/internal/helmclient/values/options.go:69.40,70.50 1 0
github.com/krateoplatformops/composition-dynamic-controller/internal/helmclient/values/options.go:70.50,72.18 2 0
github.com/krateoplatformops/composition-dynamic-controller/internal/helmclient/values/options.go:72.18,74.5 1 0
github.com/krateoplatformops/composition-dynamic-controller/internal/helmclient/values/options.go:75.4,75.29 1 0
github.com/krateoplatformops/composition-dynamic-controller/internal/helmclient/values/options.go:77.3,77.68 1 0
github.com/krateoplatformops/composition-dynamic-controller/internal/helmclient/values/options.go:77.68,79.4 1 0
github.com/krateoplatformops/composition-dynamic-controller/internal/helmclient/values/options.go:82.2,82.18 1 0
github.com/krateoplatformops/composition-dynamic-controller/internal/helmclient/values/options.go:85.68,87.22 2 0
github.com/krateoplatformops/composition-dynamic-controller/internal/helmclient/values/options.go:87.22,89.3 1 0
github.com/krateoplatformops/composition-dynamic-controller/internal/helmclient/values/options.go:90.2,90.22 1 0
github.com/krateoplatformops/composition-dynamic-controller/internal/helmclient/values/options.go:90.22,91.46 1 0
github.com/krateoplatformops/composition-dynamic-controller/internal/helmclient/values/options.go:91.46,92.28 1 0
github.com/krateoplatformops/composition-dynamic-controller/internal/helmclient/values/options.go:92.28,93.50 1 0
github.com/krateoplatformops/composition-dynamic-controller/internal/helmclient/values/options.go:93.50,95.14 2 0
github.com/krateoplatformops/composition-dynamic-controller/internal/helmclient/values/options.go:99.3,99.13 1 0
github.com/krateoplatformops/composition-dynamic-controller/internal/helmclient/values/options.go:101.2,101.12 1 0
github.com/krateoplatformops/composition-dynamic-controller/internal/helmclient/values/options.go:105.68,106.40 1 0
github.com/krateoplatformops/composition-dynamic-controller/internal/helmclient/values/options.go:106.40,108.3 1 0
github.com/krateoplatformops/composition-dynamic-controller/internal/helmclient/values/options.go:109.2,110.16 2 0
github.com/krateoplatformops/composition-dynamic-controller/internal/helmclient/values/options.go:110.16,112.3 1 0
github.com/krateoplatformops/composition-dynamic-controller/internal/helmclient/values/options.go:115.2,116.16 2 0
github.com/krateoplatformops/composition-dynamic-controller/internal/helmclient/values/options.go:116.16,118.3 1 0
github.com/krateoplatformops/composition-dynamic-controller/internal/helmclient/values/options.go:119.2,120.16 2 0
github.com/krateoplatformops/composition-dynamic-controller/internal/helmclient/values/options.go:120.16,122.3 1 0
github.com/krateoplatformops/composition-dynamic-controller/internal/helmclient/values/options.go:123.2,123.26 1 0
github.com/krateoplatformops/composition-dynamic-controller/internal/informer/informer.go:20.62,24.15 3 0
github.com/krateoplatformops/composition-dynamic-controller/internal/informer/informer.go:24.15,26.3 1 0
github.com/krateoplatformops/composition-dynamic-controller/internal/informer/informer.go:28.2,28.27 1 0
github.com/krateoplatformops/composition-dynamic-controller/internal/rbacgen/rbacgen.go:27.116,33.2 1 0
github.com/krateoplatformops/composition-dynamic-controller/internal/rbacgen/rbacgen.go:35.66,38.2 2 0
github.com/krateoplatformops/composition-dynamic-controller/internal/rbacgen/rbacgen.go:40.151,42.16 2 0
github.com/krateoplatformops/composition-dynamic-controller/internal/rbacgen/rbacgen.go:42.16,44.3 1 0
github.com/krateoplatformops/composition-dynamic-controller/internal/rbacgen/rbacgen.go:45.2,51.37 2 0
github.com/krateoplatformops/composition-dynamic-controller/internal/rbacgen/rbacgen.go:51.37,52.31 1 0
github.com/krateoplatformops/composition-dynamic-controller/internal/rbacgen/rbacgen.go:52.31,59.4 1 0
github.com/krateoplatformops/composition-dynamic-controller/internal/rbacgen/rbacgen.go:59.9,60.59 1 0
github.com/krateoplatformops/composition-dynamic-controller/internal/rbacgen/rbacgen.go:60.59,65.5 1 0
github.com/krateoplatformops/composition-dynamic-controller/internal/rbacgen/rbacgen.go:67.4,72.6 1 0
github.com/krateoplatformops/composition-dynamic-controller/internal/rbacgen/rbacgen.go:76.2,76.28 1 0
github.com/krateoplatformops/composition-dynamic-controller/internal/tools/elementsmatch/elementsmatch.go:11.39,14.19 1 0
github.com/krateoplatformops/composition-dynamic-controller/internal/tools/elementsmatch/elementsmatch.go:14.19,16.3 1 0
github.com/krateoplatformops/composition-dynamic-controller/internal/tools/elementsmatch/elementsmatch.go:18.2,20.25 2 0
github.com/krateoplatformops/composition-dynamic-controller/internal/tools/elementsmatch/elementsmatch.go:22.63,23.29 1 0
github.com/krateoplatformops/composition-dynamic-controller/internal/tools/elementsmatch/elementsmatch.go:25.19,26.23 1 0
github.com/krateoplatformops/composition-dynamic-controller/internal/tools/elementsmatch/elementsmatch.go:26.23,28.4 1 0
github.com/krateoplatformops/composition-dynamic-controller/internal/tools/elementsmatch/elementsmatch.go:29.3,30.24 2 0
github.com/krateoplatformops/composition-dynamic-controller/internal/tools/elementsmatch/elementsmatch.go:32.10,34.53 2 0
github.com/krateoplatformops/composition-dynamic-controller/internal/tools/elementsmatch/elementsmatch.go:41.57,42.38 1 0
github.com/krateoplatformops/composition-dynamic-controller/internal/tools/elementsmatch/elementsmatch.go:42.38,44.3 1 0
github.com/krateoplatformops/composition-dynamic-controller/internal/tools/elementsmatch/elementsmatch.go:46.2,47.9 2 0
github.com/krateoplatformops/composition-dynamic-controller/internal/tools/elementsmatch/elementsmatch.go:47.9,49.3 1 0
github.com/krateoplatformops/composition-dynamic-controller/internal/tools/elementsmatch/elementsmatch.go:51.2,52.9 2 0
github.com/krateoplatformops/composition-dynamic-controller/internal/tools/elementsmatch/elementsmatch.go:52.9,54.3 1 0
github.com/krateoplatformops/composition-dynamic-controller/internal/tools/elementsmatch/elementsmatch.go:55.2,55.30 1 0
github.com/krateoplatformops/composition-dynamic-controller/internal/tools/elementsmatch/elementsmatch.go:55.30,57.3 1 0
github.com/krateoplatformops/composition-dynamic-controller/internal/tools/elementsmatch/elementsmatch.go:58.2,58.30 1 0
github.com/krateoplatformops/composition-dynamic-controller/internal/tools/elementsmatch/elementsmatch.go:62.67,63.38 1 0
github.com/krateoplatformops/composition-dynamic-controller/internal/tools/elementsmatch/elementsmatch.go:63.38,65.3 1 0
github.com/krateoplatformops/composition-dynamic-controller/internal/tools/elementsmatch/elementsmatch.go:67.2,68.18 2 0
github.com/krateoplatformops/composition-dynamic-controller/internal/tools/elementsmatch/elementsmatch.go:68.18,70.3 1 0
github.com/krateoplatformops/composition-dynamic-controller/internal/tools/elementsmatch/elementsmatch.go:71.2,72.18 2 0
github.com/krateoplatformops/composition-dynamic-controller/internal/tools/elementsmatch/elementsmatch.go:72.18,74.3 1 0
github.com/krateoplatformops/composition-dynamic-controller/internal/tools/elementsmatch/elementsmatch.go:76.2,76.68 1 0
github.com/krateoplatformops/composition-dynamic-controller/internal/tools/elementsmatch/elementsmatch.go:76.68,78.3 1 0
github.com/krateoplatformops/composition-dynamic-controller/internal/tools/elementsmatch/elementsmatch.go:80.2,80.68 1 0
github.com/krateoplatformops/composition-dynamic-controller/internal/tools/elementsmatch/elementsmatch.go:80.68,82.3 1 0
github.com/krateoplatformops/composition-dynamic-controller/internal/tools/elementsmatch/elementsmatch.go:84.2,90.18 5 0
github.com/krateoplatformops/composition-dynamic-controller/internal/tools/elementsmatch/elementsmatch.go:90.18,92.3 1 0
github.com/krateoplatformops/composition-dynamic-controller/internal/tools/elementsmatch/elementsmatch.go:95.2,96.28 2 0
github.com/krateoplatformops/composition-dynamic-controller/internal/tools/elementsmatch/elementsmatch.go:96.28,99.29 3 0
[...]
github.com/krateoplatformops/composition-dynamic-controller/internal/tools/helmchart/install.go:49.19,51.3 1 0
github.com/krateoplatformops/composition-dynamic-controller/internal/tools/helmchart/install.go:52.2,55.16 3 0
github.com/krateoplatformops/composition-dynamic-controller/internal/tools/helmchart/install.go:55.16,57.3 1 0
github.com/krateoplatformops/composition-dynamic-controller/internal/tools/helmchart/install.go:59.2,60.16 2 0
github.com/krateoplatformops/composition-dynamic-controller/internal/tools/helmchart/install.go:60.16,62.3 1 0
github.com/krateoplatformops/composition-dynamic-controller/internal/tools/helmchart/install.go:64.2,65.16 2 0
github.com/krateoplatformops/composition-dynamic-controller/internal/tools/helmchart/install.go:65.16,67.3 1 0
github.com/krateoplatformops/composition-dynamic-controller/internal/tools/helmchart/install.go:69.2,70.16 2 0
github.com/krateoplatformops/composition-dynamic-controller/internal/tools/helmchart/install.go:70.16,72.3 1 0
github.com/krateoplatformops/composition-dynamic-controller/internal/tools/helmchart/install.go:74.2,75.16 2 0
github.com/krateoplatformops/composition-dynamic-controller/internal/tools/helmchart/install.go:75.16,77.3 1 0
github.com/krateoplatformops/composition-dynamic-controller/internal/tools/helmchart/install.go:78.2,79.16 2 0
github.com/krateoplatformops/composition-dynamic-controller/internal/tools/helmchart/install.go:79.16,81.3 1 0
github.com/krateoplatformops/composition-dynamic-controller/internal/tools/helmchart/install.go:82.2,83.16 2 0
github.com/krateoplatformops/composition-dynamic-controller/internal/tools/helmchart/install.go:83.16,85.3 1 0
github.com/krateoplatformops/composition-dynamic-controller/internal/tools/helmchart/install.go:86.2,87.16 2 0
github.com/krateoplatformops/composition-dynamic-controller/internal/tools/helmchart/install.go:87.16,89.3 1 0
github.com/krateoplatformops/composition-dynamic-controller/internal/tools/helmchart/install.go:91.2,103.27 5 0
github.com/krateoplatformops/composition-dynamic-controller/internal/tools/helmchart/postrenderer.go:20.110,22.16 2 0
github.com/krateoplatformops/composition-dynamic-controller/internal/tools/helmchart/postrenderer.go:22.16,24.3 1 0
github.com/krateoplatformops/composition-dynamic-controller/internal/tools/helmchart/postrenderer.go:25.2,25.26 1 0
github.com/krateoplatformops/composition-dynamic-controller/internal/tools/helmchart/postrenderer.go:25.26,27.20 2 0
github.com/krateoplatformops/composition-dynamic-controller/internal/tools/helmchart/postrenderer.go:27.20,29.4 1 0
github.com/krateoplatformops/composition-dynamic-controller/internal/tools/helmchart/postrenderer.go:31.3,38.22 8 0
github.com/krateoplatformops/composition-dynamic-controller/internal/tools/helmchart/postrenderer.go:41.2,42.16 2 0
github.com/krateoplatformops/composition-dynamic-controller/internal/tools/helmchart/postrenderer.go:42.16,44.3 1 0
github.com/krateoplatformops/composition-dynamic-controller/internal/tools/helmchart/postrenderer.go:46.2,46.40 1 0
github.com/krateoplatformops/composition-dynamic-controller/internal/tools/helmchart/update.go:23.60,36.29 2 0
github.com/krateoplatformops/composition-dynamic-controller/internal/tools/helmchart/update.go:36.29,39.3 2 0
github.com/krateoplatformops/composition-dynamic-controller/internal/tools/helmchart/update.go:41.2,42.16 2 0
github.com/krateoplatformops/composition-dynamic-controller/internal/tools/helmchart/update.go:42.16,44.3 1 0
github.com/krateoplatformops/composition-dynamic-controller/internal/tools/helmchart/update.go:45.2,45.18 1 0
github.com/krateoplatformops/composition-dynamic-controller/internal/tools/helmchart/update.go:45.18,48.3 2 0
github.com/krateoplatformops/composition-dynamic-controller/internal/tools/helmchart/update.go:50.2,53.16 3 0
github.com/krateoplatformops/composition-dynamic-controller/internal/tools/helmchart/update.go:53.16,55.3 1 0
github.com/krateoplatformops/composition-dynamic-controller/internal/tools/helmchart/update.go:57.2,58.16 2 0
github.com/krateoplatformops/composition-dynamic-controller/internal/tools/helmchart/update.go:58.16,60.3 1 0
github.com/krateoplatformops/composition-dynamic-controller/internal/tools/helmchart/update.go:62.2,63.16 2 0
github.com/krateoplatformops/composition-dynamic-controller/internal/tools/helmchart/update.go:63.16,65.3 1 0
github.com/krateoplatformops/composition-dynamic-controller/internal/tools/helmchart/update.go:67.2,68.16 2 0
github.com/krateoplatformops/composition-dynamic-controller/internal/tools/helmchart/update.go:68.16,70.3 1 0
github.com/krateoplatformops/composition-dynamic-controller/internal/tools/helmchart/update.go:72.2,73.16 2 0
github.com/krateoplatformops/composition-dynamic-controller/internal/tools/helmchart/update.go:73.16,75.3 1 0
github.com/krateoplatformops/composition-dynamic-controller/internal/tools/helmchart/update.go:76.2,77.16 2 0
github.com/krateoplatformops/composition-dynamic-controller/internal/tools/helmchart/update.go:77.16,79.3 1 0
github.com/krateoplatformops/composition-dynamic-controller/internal/tools/helmchart/update.go:80.2,81.16 2 0
github.com/krateoplatformops/composition-dynamic-controller/internal/tools/helmchart/update.go:81.16,83.3 1 0
github.com/krateoplatformops/composition-dynamic-controller/internal/tools/helmchart/update.go:84.2,85.16 2 0
github.com/krateoplatformops/composition-dynamic-controller/internal/tools/helmchart/update.go:85.16,87.3 1 0
github.com/krateoplatformops/composition-dynamic-controller/internal/tools/helmchart/update.go:89.2,101.12 4 0
github.com/krateoplatformops/composition-dynamic-controller/internal/tools/helmchart/archive/getter.go:43.29,45.2 1 0
github.com/krateoplatformops/composition-dynamic-controller/internal/tools/helmchart/archive/getter.go:47.29,49.2 1 0
github.com/krateoplatformops/composition-dynamic-controller/internal/tools/helmchart/archive/getter.go:51.30,53.2 1 0
github.com/krateoplatformops/composition-dynamic-controller/internal/tools/helmchart/archive/getter.go:59.34,61.2 1 0
github.com/krateoplatformops/composition-dynamic-controller/internal/tools/helmchart/archive/getter.go:63.68,65.16 2 0
github.com/krateoplatformops/composition-dynamic-controller/internal/tools/helmchart/archive/getter.go:65.16,67.3 1 0
github.com/krateoplatformops/composition-dynamic-controller/internal/tools/helmchart/archive/getter.go:69.2,72.8 1 0
github.com/krateoplatformops/composition-dynamic-controller/internal/tools/helmchart/archive/getter.go:81.74,85.2 1 0
github.com/krateoplatformops/composition-dynamic-controller/internal/tools/helmchart/archive/getter.go:94.76,96.16 2 0
github.com/krateoplatformops/composition-dynamic-controller/internal/tools/helmchart/archive/getter.go:96.16,98.3 1 0
github.com/krateoplatformops/composition-dynamic-controller/internal/tools/helmchart/archive/getter.go:99.2,110.16 4 0
github.com/krateoplatformops/composition-dynamic-controller/internal/tools/helmchart/archive/getter.go:110.16,112.3 1 0
github.com/krateoplatformops/composition-dynamic-controller/internal/tools/helmchart/archive/getter.go:113.2,116.14 3 0
github.com/krateoplatformops/composition-dynamic-controller/internal/tools/helmchart/archive/getter.go:116.14,119.3 1 0
github.com/krateoplatformops/composition-dynamic-controller/internal/tools/helmchart/archive/getter.go:120.2,122.13 2 0
github.com/krateoplatformops/composition-dynamic-controller/internal/tools/helmchart/archive/getter.go:122.13,124.32 2 0
github.com/krateoplatformops/composition-dynamic-controller/internal/tools/helmchart/archive/getter.go:124.32,126.18 2 0
github.com/krateoplatformops/composition-dynamic-controller/internal/tools/helmchart/archive/getter.go:126.18,128.13 2 0
github.com/krateoplatformops/composition-dynamic-controller/internal/tools/helmchart/archive/getter.go:130.4,130.11 1 0
github.com/krateoplatformops/composition-dynamic-controller/internal/tools/helmchart/archive/getter.go:130.11,132.13 2 0
github.com/krateoplatformops/composition-dynamic-controller/internal/tools/helmchart/archive/getter.go:134.4,135.30 2 0
github.com/krateoplatformops/composition-dynamic-controller/internal/tools/helmchart/archive/getter.go:135.30,137.13 2 0
github.com/krateoplatformops/composition-dynamic-controller/internal/tools/helmchart/archive/getter.go:139.4,140.18 2 0
github.com/krateoplatformops/composition-dynamic-controller/internal/tools/helmchart/archive/getter.go:140.18,142.13 2 0
github.com/krateoplatformops/composition-dynamic-controller/internal/tools/helmchart/archive/getter.go:144.4,144.11 1 0
github.com/krateoplatformops/composition-dynamic-controller/internal/tools/helmchart/archive/getter.go:144.11,146.13 2 0
github.com/krateoplatformops/composition-dynamic-controller/internal/tools/helmchart/archive/getter.go:149.4,150.96 2 0
github.com/krateoplatformops/composition-dynamic-controller/internal/tools/helmchart/archive/getter.go:150.96,153.10 3 0
github.com/krateoplatformops/composition-dynamic-controller/internal/tools/helmchart/archive/getter.go:156.3,156.13 1 0
github.com/krateoplatformops/composition-dynamic-controller/internal/tools/helmchart/archive/getter.go:156.13,159.4 1 0
github.com/krateoplatformops/composition-dynamic-controller/internal/tools/helmchart/archive/getter.go:162.2,163.16 2 0
github.com/krateoplatformops/composition-dynamic-controller/internal/tools/helmchart/archive/getter.go:163.16,166.3 2 0
github.com/krateoplatformops/composition-dynamic-controller/internal/tools/helmchart/archive/getter.go:167.2,167.9 1 0
github.com/krateoplatformops/composition-dynamic-controller/internal/tools/helmchart/archive/getter.go:167.9,170.3 1 0
github.com/krateoplatformops/composition-dynamic-controller/internal/tools/helmchart/archive/getter.go:171.2,174.16 3 0
github.com/krateoplatformops/composition-dynamic-controller/internal/tools/helmchart/archive/getter.go:174.16,177.3 2 0
github.com/krateoplatformops/composition-dynamic-controller/internal/tools/helmchart/archive/getter.go:178.2,179.16 2 0
github.com/krateoplatformops/composition-dynamic-controller/internal/tools/helmchart/archive/getter.go:179.16,182.3 2 0
github.com/krateoplatformops/composition-dynamic-controller/internal/tools/helmchart/archive/getter.go:184.2,185.16 2 0
github.com/krateoplatformops/composition-dynamic-controller/internal/tools/helmchart/archive/getter.go:185.16,188.3 2 0
github.com/krateoplatformops/composition-dynamic-controller/internal/tools/helmchart/archive/getter.go:190.2,191.16 2 0
github.com/krateoplatformops/composition-dynamic-controller/internal/tools/helmchart/archive/getter.go:191.16,194.3 2 0
github.com/krateoplatformops/composition-dynamic-controller/internal/tools/helmchart/archive/getter.go:196.2,197.24 2 0
github.com/krateoplatformops/composition-dynamic-controller/internal/tools/helmchart/archive/getter.go:197.24,203.17 2 0
github.com/krateoplatformops/composition-dynamic-controller/internal/tools/helmchart/archive/getter.go:203.17,206.4 2 0
github.com/krateoplatformops/composition-dynamic-controller/internal/tools/helmchart/archive/getter.go:208.2,209.16 2 0
github.com/krateoplatformops/composition-dynamic-controller/internal/tools/helmchart/archive/getter.go:209.16,212.3 2 0
github.com/krateoplatformops/composition-dynamic-controller/internal/tools/helmchart/archive/getter.go:214.2,227.8 1 0
github.com/krateoplatformops/composition-dynamic-controller/internal/tools/helmchart/archive/getter.go:236.116,244.16 3 0
github.com/krateoplatformops/composition-dynamic-controller/internal/tools/helmchart/archive/getter.go:244.16,246.3 1 0
github.com/krateoplatformops/composition-dynamic-controller/internal/tools/helmchart/archive/getter.go:247.2,248.16 2 0
github.com/krateoplatformops/composition-dynamic-controller/internal/tools/helmchart/archive/getter.go:248.16,250.3 1 0
github.com/krateoplatformops/composition-dynamic-controller/internal/tools/helmchart/archive/getter.go:251.2,253.16 3 0
github.com/krateoplatformops/composition-dynamic-controller/internal/tools/helmchart/archive/getter.go:253.16,255.3 1 0
github.com/krateoplatformops/composition-dynamic-controller/internal/tools/helmchart/archive/getter.go:256.2,256.26 1 0
github.com/krateoplatformops/composition-dynamic-controller/internal/tools/rbac/installer.go:22.61,24.2 1 0
github.com/krateoplatformops/composition-dynamic-controller/internal/tools/rbac/installer.go:26.53,27.29 1 1
github.com/krateoplatformops/composition-dynamic-controller/internal/tools/rbac/installer.go:27.29,29.17 2 1
github.com/krateoplatformops/composition-dynamic-controller/internal/tools/rbac/installer.go:29.17,31.4 1 0
github.com/krateoplatformops/composition-dynamic-controller/internal/tools/rbac/installer.go:33.2,33.36 1 1
github.com/krateoplatformops/composition-dynamic-controller/internal/tools/rbac/installer.go:33.36,35.17 2 1
github.com/krateoplatformops/composition-dynamic-controller/internal/tools/rbac/installer.go:35.17,37.4 1 0
github.com/krateoplatformops/composition-dynamic-controller/internal/tools/rbac/installer.go:39.2,39.37 1 1
github.com/krateoplatformops/composition-dynamic-controller/internal/tools/rbac/installer.go:39.37,40.21 1 1
github.com/krateoplatformops/composition-dynamic-controller/internal/tools/rbac/installer.go:40.21,44.18 4 1
github.com/krateoplatformops/composition-dynamic-controller/internal/tools/rbac/installer.go:44.18,46.5 1 0
github.com/krateoplatformops/composition-dynamic-controller/internal/tools/rbac/installer.go:48.3,48.28 1 1
github.com/krateoplatformops/composition-dynamic-controller/internal/tools/rbac/installer.go:48.28,50.18 2 1
github.com/krateoplatformops/composition-dynamic-controller/internal/tools/rbac/installer.go:50.18,52.5 1 0
github.com/krateoplatformops/composition-dynamic-controller/internal/tools/rbac/installer.go:55.2,55.12 1 1
github.com/krateoplatformops/composition-dynamic-controller/internal/tools/rbac/installer.go:59.97,61.16 2 1
github.com/krateoplatformops/composition-dynamic-controller/internal/tools/rbac/installer.go:61.16,63.3 1 0
github.com/krateoplatformops/composition-dynamic-controller/internal/tools/rbac/installer.go:64.2,74.83 3 1
github.com/krateoplatformops/composition-dynamic-controller/internal/tools/rbac/installer.go:74.83,76.17 2 1
github.com/krateoplatformops/composition-dynamic-controller/internal/tools/rbac/installer.go:76.17,78.4 1 1
github.com/krateoplatformops/composition-dynamic-controller/internal/tools/rbac/installer.go:80.3,82.17 3 1
github.com/krateoplatformops/composition-dynamic-controller/internal/tools/rbac/installer.go:82.17,84.4 1 0
github.com/krateoplatformops/composition-dynamic-controller/internal/tools/rbac/installer.go:86.3,86.19 1 1
github.com/krateoplatformops/composition-dynamic-controller/internal/tools/rbac/installer.go:89.2,90.16 2 1
github.com/krateoplatformops/composition-dynamic-controller/internal/tools/rbac/installer.go:90.16,92.3 1 0
github.com/krateoplatformops/composition-dynamic-controller/internal/tools/rbac/installer.go:94.2,96.16 3 1
github.com/krateoplatformops/composition-dynamic-controller/internal/tools/rbac/installer.go:96.16,98.3 1 0
github.com/krateoplatformops/composition-dynamic-controller/internal/tools/rbac/installer.go:100.2,100.18 1 1
github.com/krateoplatformops/composition-dynamic-controller/internal/tools/rbac/installer.go:103.125,105.16 2 1
github.com/krateoplatformops/composition-dynamic-controller/internal/tools/rbac/installer.go:105.16,107.3 1 0
github.com/krateoplatformops/composition-dynamic-controller/internal/tools/rbac/installer.go:108.2,118.91 3 1
github.com/krateoplatformops/composition-dynamic-controller/internal/tools/rbac/installer.go:118.91,120.17 2 1
github.com/krateoplatformops/composition-dynamic-controller/internal/tools/rbac/installer.go:120.17,122.4 1 1
github.com/krateoplatformops/composition-dynamic-controller/internal/tools/rbac/installer.go:124.3,126.17 3 1
github.com/krateoplatformops/composition-dynamic-controller/internal/tools/rbac/installer.go:126.17,128.4 1 0
github.com/krateoplatformops/composition-dynamic-controller/internal/tools/rbac/installer.go:130.3,130.26 1 1
github.com/krateoplatformops/composition-dynamic-controller/internal/tools/rbac/installer.go:133.2,134.16 2 1
github.com/krateoplatformops/composition-dynamic-controller/internal/tools/rbac/installer.go:134.16,136.3 1 0
github.com/krateoplatformops/composition-dynamic-controller/internal/tools/rbac/installer.go:138.2,140.16 3 1
github.com/krateoplatformops/composition-dynamic-controller/internal/tools/rbac/installer.go:140.16,142.3 1 0
github.com/krateoplatformops/composition-dynamic-controller/internal/tools/rbac/installer.go:144.2,144.25 1 1
github.com/krateoplatformops/composition-dynamic-controller/internal/tools/rbac/installer.go:147.125,149.16 2 1
github.com/krateoplatformops/composition-dynamic-controller/internal/tools/rbac/installer.go:149.16,151.3 1 0
github.com/krateoplatformops/composition-dynamic-controller/internal/tools/rbac/installer.go:152.2,162.91 3 1
github.com/krateoplatformops/composition-dynamic-controller/internal/tools/rbac/installer.go:162.91,164.17 2 1
github.com/krateoplatformops/composition-dynamic-controller/internal/tools/rbac/installer.go:164.17,166.4 1 0
github.com/krateoplatformops/composition-dynamic-controller/internal/tools/rbac/installer.go:168.3,170.17 3 1
github.com/krateoplatformops/composition-dynamic-controller/internal/tools/rbac/installer.go:170.17,172.4 1 0
github.com/krateoplatformops/composition-dynamic-controller/internal/tools/rbac/installer.go:174.3,174.26 1 1
github.com/krateoplatformops/composition-dynamic-controller/internal/tools/rbac/installer.go:177.2,178.16 2 1
github.com/krateoplatformops/composition-dynamic-controller/internal/tools/rbac/installer.go:178.16,180.3 1 0
github.com/krateoplatformops/composition-dynamic-controller/internal/tools/rbac/installer.go:182.2,184.16 3 1
github.com/krateoplatformops/composition-dynamic-controller/internal/tools/rbac/installer.go:184.16,186.3 1 0
github.com/krateoplatformops/composition-dynamic-controller/internal/tools/rbac/installer.go:187.2,187.25 1 1
github.com/krateoplatformops/composition-dynamic-controller/internal/tools/rbac/installer.go:190.153,192.16 2 1
github.com/krateoplatformops/composition-dynamic-controller/internal/tools/rbac/installer.go:192.16,194.3 1 0
github.com/krateoplatformops/composition-dynamic-controller/internal/tools/rbac/installer.go:195.2,205.98 3 1
github.com/krateoplatformops/composition-dynamic-controller/internal/tools/rbac/installer.go:205.98,207.17 2 1
github.com/krateoplatformops/composition-dynamic-controller/internal/tools/rbac/installer.go:207.17,209.4 1 0
github.com/krateoplatformops/composition-dynamic-controller/internal/tools/rbac/installer.go:211.3,213.17 3 1
github.com/krateoplatformops/composition-dynamic-controller/internal/tools/rbac/installer.go:213.17,215.4 1 0
github.com/krateoplatformops/composition-dynamic-controller/internal/tools/rbac/installer.go:217.3,217.33 1 1
github.com/krateoplatformops/composition-dynamic-controller/internal/tools/rbac/installer.go:220.2,221.16 2 1
github.com/krateoplatformops/composition-dynamic-controller/internal/tools/rbac/installer.go:221.16,223.3 1 0
github.com/krateoplatformops/composition-dynamic-controller/internal/tools/rbac/installer.go:225.2,227.16 3 1
github.com/krateoplatformops/composition-dynamic-controller/internal/tools/rbac/installer.go:227.16,229.3 1 0
github.com/krateoplatformops/composition-dynamic-controller/internal/tools/rbac/installer.go:231.2,231.32 1 1
github.com/krateoplatformops/composition-dynamic-controller/internal/tools/rbac/rbac.go:19.59,27.2 1 1
github.com/krateoplatformops/composition-dynamic-controller/internal/tools/rbac/rbac.go:29.114,48.2 1 1
github.com/krateoplatformops/composition-dynamic-controller/internal/tools/rbac/rbac.go:50.55,57.2 1 1
github.com/krateoplatformops/composition-dynamic-controller/internal/tools/rbac/rbac.go:59.103,77.2 1 1
